<?xml version="1.0" encoding="UTF-8"?>
<!-- Generated by org.testng.reporters.JUnitXMLReporter -->
<testsuite ignored="0" hostname="DESKTOP-D3NLLGS" failures="0" tests="1" name="Test" time="27.491" errors="0" timestamp="2020-04-04T00:30:28 IST">
  <testcase classname="com.testcases.LoginTestcase" name="@AfterClass quit" time="0.02">
    <failure type="java.lang.StackOverflowError">
      <![CDATA[java.lang.StackOverflowError
at com.testcases.LoginTestcase.quit(LoginTestcase.java:29)
at com.testcases.LoginTestcase.quit(LoginTestcase.java:29)
at com.testcases.LoginTestcase.quit(LoginTestcase.java:29)
at com.testcases.LoginTestcase.quit(LoginTestcase.java:29)
at com.testcases.LoginTestcase.quit(LoginTestcase.java:29)
at com.testcases.LoginTestcase.quit(LoginTestcase.java:29)
at com.testcases.LoginTestcase.quit(LoginTestcase.java:29)
at com.testcases.LoginTestcase.quit(LoginTestcase.java:29)
at com.testcases.LoginTestcase.quit(LoginTestcase.java:29)
at com.testcases.LoginTestcase.quit(LoginTestcase.java:29)
at com.testcases.LoginTestcase.quit(LoginTestcase.java:29)
at com.testcases.LoginTestcase.quit(LoginTestcase.java:29)
at com.testcases.LoginTestcase.quit(LoginTestcase.java:29)
at com.testcases.LoginTestcase.quit(LoginTestcase.java:29)
at com.testcases.LoginTestcase.quit(LoginTestcase.java:29)
at com.testcases.LoginTestcase.quit(LoginTestcase.java:29)
at com.testcases.LoginTestcase.quit(LoginTestcase.java:29)
at com.testcases.LoginTestcase.quit(LoginTestcase.java:29)
at com.testcases.LoginTestcase.quit(LoginTestcase.java:29)
at com.testcases.LoginTestcase.quit(LoginTestcase.java:29)
at com.testcases.LoginTestcase.quit(LoginTestcase.java:29)
at com.testcases.LoginTestcase.quit(LoginTestcase.java:29)
at com.testcases.LoginTestcase.quit(LoginTestcase.java:29)
at com.testcases.LoginTestcase.quit(LoginTestcase.java:29)
at com.testcases.LoginTestcase.quit(LoginTestcase.java:29)
at com.testcases.LoginTestcase.quit(LoginTestcase.java:29)
at com.testcases.LoginTestcase.quit(LoginTestcase.java:29)
at com.testcases.LoginTestcase.quit(LoginTestcase.java:29)
at com.testcases.LoginTestcase.quit(LoginTestcase.java:29)
at com.testcases.LoginTestcase.quit(LoginTestcase.java:29)
at com.testcases.LoginTestcase.quit(LoginTestcase.java:29)
at com.testcases.LoginTestcase.quit(LoginTestcase.java:29)
at com.testcases.LoginTestcase.quit(LoginTestcase.java:29)
at com.testcases.LoginTestcase.quit(LoginTestcase.java:29)
at com.testcases.LoginTestcase.quit(LoginTestcase.java:29)
at com.testcases.LoginTestcase.quit(LoginTestcase.java:29)
at com.testcases.LoginTestcase.quit(LoginTestcase.java:29)
at com.testcases.LoginTestcase.quit(LoginTestcase.java:29)
at com.testcases.LoginTestcase.quit(LoginTestcase.java:29)
at com.testcases.LoginTestcase.quit(LoginTestcase.java:29)
at com.testcases.LoginTestcase.quit(LoginTestcase.java:29)
at com.testcases.LoginTestcase.quit(LoginTestcase.java:29)
at com.testcases.LoginTestcase.quit(LoginTestcase.java:29)
at com.testcases.LoginTestcase.quit(LoginTestcase.java:29)
at com.testcases.LoginTestcase.quit(LoginTestcase.java:29)
at com.testcases.LoginTestcase.quit(LoginTestcase.java:29)
at com.testcases.LoginTestcase.quit(LoginTestcase.java:29)
at com.testcases.LoginTestcase.quit(LoginTestcase.java:29)
at com.testcases.LoginTestcase.quit(LoginTestcase.java:29)
at com.testcases.LoginTestcase.quit(LoginTestcase.java:29)
at com.testcases.LoginTestcase.quit(LoginTestcase.java:29)
at com.testcases.LoginTestcase.quit(LoginTestcase.java:29)
at com.testcases.LoginTestcase.quit(LoginTestcase.java:29)
at com.testcases.LoginTestcase.quit(LoginTestcase.java:29)
at com.testcases.LoginTestcase.quit(LoginTestcase.java:29)
at com.testcases.LoginTestcase.quit(LoginTestcase.java:29)
at com.testcases.LoginTestcase.quit(LoginTestcase.java:29)
at com.testcases.LoginTestcase.quit(LoginTestcase.java:29)
at com.testcases.LoginTestcase.quit(LoginTestcase.java:29)
at com.testcases.LoginTestcase.quit(LoginTestcase.java:29)
at com.testcases.LoginTestcase.quit(LoginTestcase.java:29)
at com.testcases.LoginTestcase.quit(LoginTestcase.java:29)
at com.testcases.LoginTestcase.quit(LoginTestcase.java:29)
at com.testcases.LoginTestcase.quit(LoginTestcase.java:29)
at com.testcases.LoginTestcase.quit(LoginTestcase.java:29)
at com.testcases.LoginTestcase.quit(LoginTestcase.java:29)
at com.testcases.LoginTestcase.quit(LoginTestcase.java:29)
at com.testcases.LoginTestcase.quit(LoginTestcase.java:29)
at com.testcases.LoginTestcase.quit(LoginTestcase.java:29)
at com.testcases.LoginTestcase.quit(LoginTestcase.java:29)
at com.testcases.LoginTestcase.quit(LoginTestcase.java:29)
at com.testcases.LoginTestcase.quit(LoginTestcase.java:29)
at com.testcases.LoginTestcase.quit(LoginTestcase.java:29)
at com.testcases.LoginTestcase.quit(LoginTestcase.java:29)
at com.testcases.LoginTestcase.quit(LoginTestcase.java:29)
at com.testcases.LoginTestcase.quit(LoginTestcase.java:29)
at com.testcases.LoginTestcase.quit(LoginTestcase.java:29)
at com.testcases.LoginTestcase.quit(LoginTestcase.java:29)
at com.testcases.LoginTestcase.quit(LoginTestcase.java:29)
at com.testcases.LoginTestcase.quit(LoginTestcase.java:29)
at com.testcases.LoginTestcase.quit(LoginTestcase.java:29)
at com.testcases.LoginTestcase.quit(LoginTestcase.java:29)
at com.testcases.LoginTestcase.quit(LoginTestcase.java:29)
at com.testcases.LoginTestcase.quit(LoginTestcase.java:29)
at com.testcases.LoginTestcase.quit(LoginTestcase.java:29)
at com.testcases.LoginTestcase.quit(LoginTestcase.java:29)
at com.testcases.LoginTestcase.quit(LoginTestcase.java:29)
at com.testcases.LoginTestcase.quit(LoginTestcase.java:29)
at com.testcases.LoginTestcase.quit(LoginTestcase.java:29)
at com.testcases.LoginTestcase.quit(LoginTestcase.java:29)
at com.testcases.LoginTestcase.quit(LoginTestcase.java:29)
at com.testcases.LoginTestcase.quit(LoginTestcase.java:29)
at com.testcases.LoginTestcase.quit(LoginTestcase.java:29)
at com.testcases.LoginTestcase.quit(LoginTestcase.java:29)
at com.testcases.LoginTestcase.quit(LoginTestcase.java:29)
at com.testcases.LoginTestcase.quit(LoginTestcase.java:29)
at com.testcases.LoginTestcase.quit(LoginTestcase.java:29)
at com.testcases.LoginTestcase.quit(LoginTestcase.java:29)
at com.testcases.LoginTestcase.quit(LoginTestcase.java:29)
at com.testcases.LoginTestcase.quit(LoginTestcase.java:29)
at com.testcases.LoginTestcase.quit(LoginTestcase.java:29)
at com.testcases.LoginTestcase.quit(LoginTestcase.java:29)
at com.testcases.LoginTestcase.quit(LoginTestcase.java:29)
at com.testcases.LoginTestcase.quit(LoginTestcase.java:29)
at com.testcases.LoginTestcase.quit(LoginTestcase.java:29)
at com.testcases.LoginTestcase.quit(LoginTestcase.java:29)
at com.testcases.LoginTestcase.quit(LoginTestcase.java:29)
at com.testcases.LoginTestcase.quit(LoginTestcase.java:29)
at com.testcases.LoginTestcase.quit(LoginTestcase.java:29)
at com.testcases.LoginTestcase.quit(LoginTestcase.java:29)
at com.testcases.LoginTestcase.quit(LoginTestcase.java:29)
at com.testcases.LoginTestcase.quit(LoginTestcase.java:29)
at com.testcases.LoginTestcase.quit(LoginTestcase.java:29)
at com.testcases.LoginTestcase.quit(LoginTestcase.java:29)
at com.testcases.LoginTestcase.quit(LoginTestcase.java:29)
at com.testcases.LoginTestcase.quit(LoginTestcase.java:29)
at com.testcases.LoginTestcase.quit(LoginTestcase.java:29)
at com.testcases.LoginTestcase.quit(LoginTestcase.java:29)
at com.testcases.LoginTestcase.quit(LoginTestcase.java:29)
at com.testcases.LoginTestcase.quit(LoginTestcase.java:29)
at com.testcases.LoginTestcase.quit(LoginTestcase.java:29)
at com.testcases.LoginTestcase.quit(LoginTestcase.java:29)
at com.testcases.LoginTestcase.quit(LoginTestcase.java:29)
at com.testcases.LoginTestcase.quit(LoginTestcase.java:29)
at com.testcases.LoginTestcase.quit(LoginTestcase.java:29)
at com.testcases.LoginTestcase.quit(LoginTestcase.java:29)
at com.testcases.LoginTestcase.quit(LoginTestcase.java:29)
at com.testcases.LoginTestcase.quit(LoginTestcase.java:29)
at com.testcases.LoginTestcase.quit(LoginTestcase.java:29)
at com.testcases.LoginTestcase.quit(LoginTestcase.java:29)
at com.testcases.LoginTestcase.quit(LoginTestcase.java:29)
at com.testcases.LoginTestcase.quit(LoginTestcase.java:29)
at com.testcases.LoginTestcase.quit(LoginTestcase.java:29)
at com.testcases.LoginTestcase.quit(LoginTestcase.java:29)
at com.testcases.LoginTestcase.quit(LoginTestcase.java:29)
at com.testcases.LoginTestcase.quit(LoginTestcase.java:29)
at com.testcases.LoginTestcase.quit(LoginTestcase.java:29)
at com.testcases.LoginTestcase.quit(LoginTestcase.java:29)
at com.testcases.LoginTestcase.quit(LoginTestcase.java:29)
at com.testcases.LoginTestcase.quit(LoginTestcase.java:29)
at com.testcases.LoginTestcase.quit(LoginTestcase.java:29)
at com.testcases.LoginTestcase.quit(LoginTestcase.java:29)
at com.testcases.LoginTestcase.quit(LoginTestcase.java:29)
at com.testcases.LoginTestcase.quit(LoginTestcase.java:29)
at com.testcases.LoginTestcase.quit(LoginTestcase.java:29)
at com.testcases.LoginTestcase.quit(LoginTestcase.java:29)
at com.testcases.LoginTestcase.quit(LoginTestcase.java:29)
at com.testcases.LoginTestcase.quit(LoginTestcase.java:29)
at com.testcases.LoginTestcase.quit(LoginTestcase.java:29)
at com.testcases.LoginTestcase.quit(LoginTestcase.java:29)
at com.testcases.LoginTestcase.quit(LoginTestcase.java:29)
at com.testcases.LoginTestcase.quit(LoginTestcase.java:29)
at com.testcases.LoginTestcase.quit(LoginTestcase.java:29)
at com.testcases.LoginTestcase.quit(LoginTestcase.java:29)
at com.testcases.LoginTestcase.quit(LoginTestcase.java:29)
at com.testcases.LoginTestcase.quit(LoginTestcase.java:29)
at com.testcases.LoginTestcase.quit(LoginTestcase.java:29)
at com.testcases.LoginTestcase.quit(LoginTestcase.java:29)
at com.testcases.LoginTestcase.quit(LoginTestcase.java:29)
at com.testcases.LoginTestcase.quit(LoginTestcase.java:29)
at com.testcases.LoginTestcase.quit(LoginTestcase.java:29)
at com.testcases.LoginTestcase.quit(LoginTestcase.java:29)
at com.testcases.LoginTestcase.quit(LoginTestcase.java:29)
at com.testcases.LoginTestcase.quit(LoginTestcase.java:29)
at com.testcases.LoginTestcase.quit(LoginTestcase.java:29)
at com.testcases.LoginTestcase.quit(LoginTestcase.java:29)
at com.testcases.LoginTestcase.quit(LoginTestcase.java:29)
at com.testcases.LoginTestcase.quit(LoginTestcase.java:29)
at com.testcases.LoginTestcase.quit(LoginTestcase.java:29)
at com.testcases.LoginTestcase.quit(LoginTestcase.java:29)
at com.testcases.LoginTestcase.quit(LoginTestcase.java:29)
at com.testcases.LoginTestcase.quit(LoginTestcase.java:29)
at com.testcases.LoginTestcase.quit(LoginTestcase.java:29)
at com.testcases.LoginTestcase.quit(LoginTestcase.java:29)
at com.testcases.LoginTestcase.quit(LoginTestcase.java:29)
at com.testcases.LoginTestcase.quit(LoginTestcase.java:29)
at com.testcases.LoginTestcase.quit(LoginTestcase.java:29)
at com.testcases.LoginTestcase.quit(LoginTestcase.java:29)
at com.testcases.LoginTestcase.quit(LoginTestcase.java:29)
at com.testcases.LoginTestcase.quit(LoginTestcase.java:29)
at com.testcases.LoginTestcase.quit(LoginTestcase.java:29)
at com.testcases.LoginTestcase.quit(LoginTestcase.java:29)
at com.testcases.LoginTestcase.quit(LoginTestcase.java:29)
at com.testcases.LoginTestcase.quit(LoginTestcase.java:29)
at com.testcases.LoginTestcase.quit(LoginTestcase.java:29)
at com.testcases.LoginTestcase.quit(LoginTestcase.java:29)
at com.testcases.LoginTestcase.quit(LoginTestcase.java:29)
at com.testcases.LoginTestcase.quit(LoginTestcase.java:29)
at com.testcases.LoginTestcase.quit(LoginTestcase.java:29)
at com.testcases.LoginTestcase.quit(LoginTestcase.java:29)
at com.testcases.LoginTestcase.quit(LoginTestcase.java:29)
at com.testcases.LoginTestcase.quit(LoginTestcase.java:29)
at com.testcases.LoginTestcase.quit(LoginTestcase.java:29)
at com.testcases.LoginTestcase.quit(LoginTestcase.java:29)
at com.testcases.LoginTestcase.quit(LoginTestcase.java:29)
at com.testcases.LoginTestcase.quit(LoginTestcase.java:29)
at com.testcases.LoginTestcase.quit(LoginTestcase.java:29)
at com.testcases.LoginTestcase.quit(LoginTestcase.java:29)
at com.testcases.LoginTestcase.quit(LoginTestcase.java:29)
at com.testcases.LoginTestcase.quit(LoginTestcase.java:29)
at com.testcases.LoginTestcase.quit(LoginTestcase.java:29)
at com.testcases.LoginTestcase.quit(LoginTestcase.java:29)
at com.testcases.LoginTestcase.quit(LoginTestcase.java:29)
at com.testcases.LoginTestcase.quit(LoginTestcase.java:29)
at com.testcases.LoginTestcase.quit(LoginTestcase.java:29)
at com.testcases.LoginTestcase.quit(LoginTestcase.java:29)
at com.testcases.LoginTestcase.quit(LoginTestcase.java:29)
at com.testcases.LoginTestcase.quit(LoginTestcase.java:29)
at com.testcases.LoginTestcase.quit(LoginTestcase.java:29)
at com.testcases.LoginTestcase.quit(LoginTestcase.java:29)
at com.testcases.LoginTestcase.quit(LoginTestcase.java:29)
at com.testcases.LoginTestcase.quit(LoginTestcase.java:29)
at com.testcases.LoginTestcase.quit(LoginTestcase.java:29)
at com.testcases.LoginTestcase.quit(LoginTestcase.java:29)
at com.testcases.LoginTestcase.quit(LoginTestcase.java:29)
at com.testcases.LoginTestcase.quit(LoginTestcase.java:29)
at com.testcases.LoginTestcase.quit(LoginTestcase.java:29)
at com.testcases.LoginTestcase.quit(LoginTestcase.java:29)
at com.testcases.LoginTestcase.quit(LoginTestcase.java:29)
at com.testcases.LoginTestcase.quit(LoginTestcase.java:29)
at com.testcases.LoginTestcase.quit(LoginTestcase.java:29)
at com.testcases.LoginTestcase.quit(LoginTestcase.java:29)
at com.testcases.LoginTestcase.quit(LoginTestcase.java:29)
at com.testcases.LoginTestcase.quit(LoginTestcase.java:29)
at com.testcases.LoginTestcase.quit(LoginTestcase.java:29)
at com.testcases.LoginTestcase.quit(LoginTestcase.java:29)
at com.testcases.LoginTestcase.quit(LoginTestcase.java:29)
at com.testcases.LoginTestcase.quit(LoginTestcase.java:29)
at com.testcases.LoginTestcase.quit(LoginTestcase.java:29)
at com.testcases.LoginTestcase.quit(LoginTestcase.java:29)
at com.testcases.LoginTestcase.quit(LoginTestcase.java:29)
at com.testcases.LoginTestcase.quit(LoginTestcase.java:29)
at com.testcases.LoginTestcase.quit(LoginTestcase.java:29)
at com.testcases.LoginTestcase.quit(LoginTestcase.java:29)
at com.testcases.LoginTestcase.quit(LoginTestcase.java:29)
at com.testcases.LoginTestcase.quit(LoginTestcase.java:29)
at com.testcases.LoginTestcase.quit(LoginTestcase.java:29)
at com.testcases.LoginTestcase.quit(LoginTestcase.java:29)
at com.testcases.LoginTestcase.quit(LoginTestcase.java:29)
at com.testcases.LoginTestcase.quit(LoginTestcase.java:29)
at com.testcases.LoginTestcase.quit(LoginTestcase.java:29)
at com.testcases.LoginTestcase.quit(LoginTestcase.java:29)
at com.testcases.LoginTestcase.quit(LoginTestcase.java:29)
at com.testcases.LoginTestcase.quit(LoginTestcase.java:29)
at com.testcases.LoginTestcase.quit(LoginTestcase.java:29)
at com.testcases.LoginTestcase.quit(LoginTestcase.java:29)
at com.testcases.LoginTestcase.quit(LoginTestcase.java:29)
at com.testcases.LoginTestcase.quit(LoginTestcase.java:29)
at com.testcases.LoginTestcase.quit(LoginTestcase.java:29)
at com.testcases.LoginTestcase.quit(LoginTestcase.java:29)
at com.testcases.LoginTestcase.quit(LoginTestcase.java:29)
at com.testcases.LoginTestcase.quit(LoginTestcase.java:29)
at com.testcases.LoginTestcase.quit(LoginTestcase.java:29)
at com.testcases.LoginTestcase.quit(LoginTestcase.java:29)
at com.testcases.LoginTestcase.quit(LoginTestcase.java:29)
at com.testcases.LoginTestcase.quit(LoginTestcase.java:29)
at com.testcases.LoginTestcase.quit(LoginTestcase.java:29)
at com.testcases.LoginTestcase.quit(LoginTestcase.java:29)
at com.testcases.LoginTestcase.quit(LoginTestcase.java:29)
at com.testcases.LoginTestcase.quit(LoginTestcase.java:29)
at com.testcases.LoginTestcase.quit(LoginTestcase.java:29)
at com.testcases.LoginTestcase.quit(LoginTestcase.java:29)
at com.testcases.LoginTestcase.quit(LoginTestcase.java:29)
at com.testcases.LoginTestcase.quit(LoginTestcase.java:29)
at com.testcases.LoginTestcase.quit(LoginTestcase.java:29)
at com.testcases.LoginTestcase.quit(LoginTestcase.java:29)
at com.testcases.LoginTestcase.quit(LoginTestcase.java:29)
at com.testcases.LoginTestcase.quit(LoginTestcase.java:29)
at com.testcases.LoginTestcase.quit(LoginTestcase.java:29)
at com.testcases.LoginTestcase.quit(LoginTestcase.java:29)
at com.testcases.LoginTestcase.quit(LoginTestcase.java:29)
at com.testcases.LoginTestcase.quit(LoginTestcase.java:29)
at com.testcases.LoginTestcase.quit(LoginTestcase.java:29)
at com.testcases.LoginTestcase.quit(LoginTestcase.java:29)
at com.testcases.LoginTestcase.quit(LoginTestcase.java:29)
at com.testcases.LoginTestcase.quit(LoginTestcase.java:29)
at com.testcases.LoginTestcase.quit(LoginTestcase.java:29)
at com.testcases.LoginTestcase.quit(LoginTestcase.java:29)
at com.testcases.LoginTestcase.quit(LoginTestcase.java:29)
at com.testcases.LoginTestcase.quit(LoginTestcase.java:29)
at com.testcases.LoginTestcase.quit(LoginTestcase.java:29)
at com.testcases.LoginTestcase.quit(LoginTestcase.java:29)
at com.testcases.LoginTestcase.quit(LoginTestcase.java:29)
at com.testcases.LoginTestcase.quit(LoginTestcase.java:29)
at com.testcases.LoginTestcase.quit(LoginTestcase.java:29)
at com.testcases.LoginTestcase.quit(LoginTestcase.java:29)
at com.testcases.LoginTestcase.quit(LoginTestcase.java:29)
at com.testcases.LoginTestcase.quit(LoginTestcase.java:29)
at com.testcases.LoginTestcase.quit(LoginTestcase.java:29)
at com.testcases.LoginTestcase.quit(LoginTestcase.java:29)
at com.testcases.LoginTestcase.quit(LoginTestcase.java:29)
at com.testcases.LoginTestcase.quit(LoginTestcase.java:29)
at com.testcases.LoginTestcase.quit(LoginTestcase.java:29)
at com.testcases.LoginTestcase.quit(LoginTestcase.java:29)
at com.testcases.LoginTestcase.quit(LoginTestcase.java:29)
at com.testcases.LoginTestcase.quit(LoginTestcase.java:29)
at com.testcases.LoginTestcase.quit(LoginTestcase.java:29)
at com.testcases.LoginTestcase.quit(LoginTestcase.java:29)
at com.testcases.LoginTestcase.quit(LoginTestcase.java:29)
at com.testcases.LoginTestcase.quit(LoginTestcase.java:29)
at com.testcases.LoginTestcase.quit(LoginTestcase.java:29)
at com.testcases.LoginTestcase.quit(LoginTestcase.java:29)
at com.testcases.LoginTestcase.quit(LoginTestcase.java:29)
at com.testcases.LoginTestcase.quit(LoginTestcase.java:29)
at com.testcases.LoginTestcase.quit(LoginTestcase.java:29)
at com.testcases.LoginTestcase.quit(LoginTestcase.java:29)
at com.testcases.LoginTestcase.quit(LoginTestcase.java:29)
at com.testcases.LoginTestcase.quit(LoginTestcase.java:29)
at com.testcases.LoginTestcase.quit(LoginTestcase.java:29)
at com.testcases.LoginTestcase.quit(LoginTestcase.java:29)
at com.testcases.LoginTestcase.quit(LoginTestcase.java:29)
at com.testcases.LoginTestcase.quit(LoginTestcase.java:29)
at com.testcases.LoginTestcase.quit(LoginTestcase.java:29)
at com.testcases.LoginTestcase.quit(LoginTestcase.java:29)
at com.testcases.LoginTestcase.quit(LoginTestcase.java:29)
at com.testcases.LoginTestcase.quit(LoginTestcase.java:29)
at com.testcases.LoginTestcase.quit(LoginTestcase.java:29)
at com.testcases.LoginTestcase.quit(LoginTestcase.java:29)
at com.testcases.LoginTestcase.quit(LoginTestcase.java:29)
at com.testcases.LoginTestcase.quit(LoginTestcase.java:29)
at com.testcases.LoginTestcase.quit(LoginTestcase.java:29)
at com.testcases.LoginTestcase.quit(LoginTestcase.java:29)
at com.testcases.LoginTestcase.quit(LoginTestcase.java:29)
at com.testcases.LoginTestcase.quit(LoginTestcase.java:29)
at com.testcases.LoginTestcase.quit(LoginTestcase.java:29)
at com.testcases.LoginTestcase.quit(LoginTestcase.java:29)
at com.testcases.LoginTestcase.quit(LoginTestcase.java:29)
at com.testcases.LoginTestcase.quit(LoginTestcase.java:29)
at com.testcases.LoginTestcase.quit(LoginTestcase.java:29)
at com.testcases.LoginTestcase.quit(LoginTestcase.java:29)
at com.testcases.LoginTestcase.quit(LoginTestcase.java:29)
at com.testcases.LoginTestcase.quit(LoginTestcase.java:29)
at com.testcases.LoginTestcase.quit(LoginTestcase.java:29)
at com.testcases.LoginTestcase.quit(LoginTestcase.java:29)
at com.testcases.LoginTestcase.quit(LoginTestcase.java:29)
at com.testcases.LoginTestcase.quit(LoginTestcase.java:29)
at com.testcases.LoginTestcase.quit(LoginTestcase.java:29)
at com.testcases.LoginTestcase.quit(LoginTestcase.java:29)
at com.testcases.LoginTestcase.quit(LoginTestcase.java:29)
at com.testcases.LoginTestcase.quit(LoginTestcase.java:29)
at com.testcases.LoginTestcase.quit(LoginTestcase.java:29)
at com.testcases.LoginTestcase.quit(LoginTestcase.java:29)
at com.testcases.LoginTestcase.quit(LoginTestcase.java:29)
at com.testcases.LoginTestcase.quit(LoginTestcase.java:29)
at com.testcases.LoginTestcase.quit(LoginTestcase.java:29)
at com.testcases.LoginTestcase.quit(LoginTestcase.java:29)
at com.testcases.LoginTestcase.quit(LoginTestcase.java:29)
at com.testcases.LoginTestcase.quit(LoginTestcase.java:29)
at com.testcases.LoginTestcase.quit(LoginTestcase.java:29)
at com.testcases.LoginTestcase.quit(LoginTestcase.java:29)
at com.testcases.LoginTestcase.quit(LoginTestcase.java:29)
at com.testcases.LoginTestcase.quit(LoginTestcase.java:29)
at com.testcases.LoginTestcase.quit(LoginTestcase.java:29)
at com.testcases.LoginTestcase.quit(LoginTestcase.java:29)
at com.testcases.LoginTestcase.quit(LoginTestcase.java:29)
at com.testcases.LoginTestcase.quit(LoginTestcase.java:29)
at com.testcases.LoginTestcase.quit(LoginTestcase.java:29)
at com.testcases.LoginTestcase.quit(LoginTestcase.java:29)
at com.testcases.LoginTestcase.quit(LoginTestcase.java:29)
at com.testcases.LoginTestcase.quit(LoginTestcase.java:29)
at com.testcases.LoginTestcase.quit(LoginTestcase.java:29)
at com.testcases.LoginTestcase.quit(LoginTestcase.java:29)
at com.testcases.LoginTestcase.quit(LoginTestcase.java:29)
at com.testcases.LoginTestcase.quit(LoginTestcase.java:29)
at com.testcases.LoginTestcase.quit(LoginTestcase.java:29)
at com.testcases.LoginTestcase.quit(LoginTestcase.java:29)
at com.testcases.LoginTestcase.quit(LoginTestcase.java:29)
at com.testcases.LoginTestcase.quit(LoginTestcase.java:29)
at com.testcases.LoginTestcase.quit(LoginTestcase.java:29)
at com.testcases.LoginTestcase.quit(LoginTestcase.java:29)
at com.testcases.LoginTestcase.quit(LoginTestcase.java:29)
at com.testcases.LoginTestcase.quit(LoginTestcase.java:29)
at com.testcases.LoginTestcase.quit(LoginTestcase.java:29)
at com.testcases.LoginTestcase.quit(LoginTestcase.java:29)
at com.testcases.LoginTestcase.quit(LoginTestcase.java:29)
at com.testcases.LoginTestcase.quit(LoginTestcase.java:29)
at com.testcases.LoginTestcase.quit(LoginTestcase.java:29)
at com.testcases.LoginTestcase.quit(LoginTestcase.java:29)
at com.testcases.LoginTestcase.quit(LoginTestcase.java:29)
at com.testcases.LoginTestcase.quit(LoginTestcase.java:29)
at com.testcases.LoginTestcase.quit(LoginTestcase.java:29)
at com.testcases.LoginTestcase.quit(LoginTestcase.java:29)
at com.testcases.LoginTestcase.quit(LoginTestcase.java:29)
at com.testcases.LoginTestcase.quit(LoginTestcase.java:29)
at com.testcases.LoginTestcase.quit(LoginTestcase.java:29)
at com.testcases.LoginTestcase.quit(LoginTestcase.java:29)
at com.testcases.LoginTestcase.quit(LoginTestcase.java:29)
at com.testcases.LoginTestcase.quit(LoginTestcase.java:29)
at com.testcases.LoginTestcase.quit(LoginTestcase.java:29)
at com.testcases.LoginTestcase.quit(LoginTestcase.java:29)
at com.testcases.LoginTestcase.quit(LoginTestcase.java:29)
at com.testcases.LoginTestcase.quit(LoginTestcase.java:29)
at com.testcases.LoginTestcase.quit(LoginTestcase.java:29)
at com.testcases.LoginTestcase.quit(LoginTestcase.java:29)
at com.testcases.LoginTestcase.quit(LoginTestcase.java:29)
at com.testcases.LoginTestcase.quit(LoginTestcase.java:29)
at com.testcases.LoginTestcase.quit(LoginTestcase.java:29)
at com.testcases.LoginTestcase.quit(LoginTestcase.java:29)
at com.testcases.LoginTestcase.quit(LoginTestcase.java:29)
at com.testcases.LoginTestcase.quit(LoginTestcase.java:29)
at com.testcases.LoginTestcase.quit(LoginTestcase.java:29)
at com.testcases.LoginTestcase.quit(LoginTestcase.java:29)
at com.testcases.LoginTestcase.quit(LoginTestcase.java:29)
at com.testcases.LoginTestcase.quit(LoginTestcase.java:29)
at com.testcases.LoginTestcase.quit(LoginTestcase.java:29)
at com.testcases.LoginTestcase.quit(LoginTestcase.java:29)
at com.testcases.LoginTestcase.quit(LoginTestcase.java:29)
at com.testcases.LoginTestcase.quit(LoginTestcase.java:29)
at com.testcases.LoginTestcase.quit(LoginTestcase.java:29)
at com.testcases.LoginTestcase.quit(LoginTestcase.java:29)
at com.testcases.LoginTestcase.quit(LoginTestcase.java:29)
at com.testcases.LoginTestcase.quit(LoginTestcase.java:29)
at com.testcases.LoginTestcase.quit(LoginTestcase.java:29)
at com.testcases.LoginTestcase.quit(LoginTestcase.java:29)
at com.testcases.LoginTestcase.quit(LoginTestcase.java:29)
at com.testcases.LoginTestcase.quit(LoginTestcase.java:29)
at com.testcases.LoginTestcase.quit(LoginTestcase.java:29)
at com.testcases.LoginTestcase.quit(LoginTestcase.java:29)
at com.testcases.LoginTestcase.quit(LoginTestcase.java:29)
at com.testcases.LoginTestcase.quit(LoginTestcase.java:29)
at com.testcases.LoginTestcase.quit(LoginTestcase.java:29)
at com.testcases.LoginTestcase.quit(LoginTestcase.java:29)
at com.testcases.LoginTestcase.quit(LoginTestcase.java:29)
at com.testcases.LoginTestcase.quit(LoginTestcase.java:29)
at com.testcases.LoginTestcase.quit(LoginTestcase.java:29)
at com.testcases.LoginTestcase.quit(LoginTestcase.java:29)
at com.testcases.LoginTestcase.quit(LoginTestcase.java:29)
at com.testcases.LoginTestcase.quit(LoginTestcase.java:29)
at com.testcases.LoginTestcase.quit(LoginTestcase.java:29)
at com.testcases.LoginTestcase.quit(LoginTestcase.java:29)
at com.testcases.LoginTestcase.quit(LoginTestcase.java:29)
at com.testcases.LoginTestcase.quit(LoginTestcase.java:29)
at com.testcases.LoginTestcase.quit(LoginTestcase.java:29)
at com.testcases.LoginTestcase.quit(LoginTestcase.java:29)
at com.testcases.LoginTestcase.quit(LoginTestcase.java:29)
at com.testcases.LoginTestcase.quit(LoginTestcase.java:29)
at com.testcases.LoginTestcase.quit(LoginTestcase.java:29)
at com.testcases.LoginTestcase.quit(LoginTestcase.java:29)
at com.testcases.LoginTestcase.quit(LoginTestcase.java:29)
at com.testcases.LoginTestcase.quit(LoginTestcase.java:29)
at com.testcases.LoginTestcase.quit(LoginTestcase.java:29)
at com.testcases.LoginTestcase.quit(LoginTestcase.java:29)
at com.testcases.LoginTestcase.quit(LoginTestcase.java:29)
at com.testcases.LoginTestcase.quit(LoginTestcase.java:29)
at com.testcases.LoginTestcase.quit(LoginTestcase.java:29)
at com.testcases.LoginTestcase.quit(LoginTestcase.java:29)
at com.testcases.LoginTestcase.quit(LoginTestcase.java:29)
at com.testcases.LoginTestcase.quit(LoginTestcase.java:29)
at com.testcases.LoginTestcase.quit(LoginTestcase.java:29)
at com.testcases.LoginTestcase.quit(LoginTestcase.java:29)
at com.testcases.LoginTestcase.quit(LoginTestcase.java:29)
at com.testcases.LoginTestcase.quit(LoginTestcase.java:29)
at com.testcases.LoginTestcase.quit(LoginTestcase.java:29)
at com.testcases.LoginTestcase.quit(LoginTestcase.java:29)
at com.testcases.LoginTestcase.quit(LoginTestcase.java:29)
at com.testcases.LoginTestcase.quit(LoginTestcase.java:29)
at com.testcases.LoginTestcase.quit(LoginTestcase.java:29)
at com.testcases.LoginTestcase.quit(LoginTestcase.java:29)
at com.testcases.LoginTestcase.quit(LoginTestcase.java:29)
at com.testcases.LoginTestcase.quit(LoginTestcase.java:29)
at com.testcases.LoginTestcase.quit(LoginTestcase.java:29)
at com.testcases.LoginTestcase.quit(LoginTestcase.java:29)
at com.testcases.LoginTestcase.quit(LoginTestcase.java:29)
at com.testcases.LoginTestcase.quit(LoginTestcase.java:29)
at com.testcases.LoginTestcase.quit(LoginTestcase.java:29)
at com.testcases.LoginTestcase.quit(LoginTestcase.java:29)
at com.testcases.LoginTestcase.quit(LoginTestcase.java:29)
at com.testcases.LoginTestcase.quit(LoginTestcase.java:29)
at com.testcases.LoginTestcase.quit(LoginTestcase.java:29)
at com.testcases.LoginTestcase.quit(LoginTestcase.java:29)
at com.testcases.LoginTestcase.quit(LoginTestcase.java:29)
at com.testcases.LoginTestcase.quit(LoginTestcase.java:29)
at com.testcases.LoginTestcase.quit(LoginTestcase.java:29)
at com.testcases.LoginTestcase.quit(LoginTestcase.java:29)
at com.testcases.LoginTestcase.quit(LoginTestcase.java:29)
at com.testcases.LoginTestcase.quit(LoginTestcase.java:29)
at com.testcases.LoginTestcase.quit(LoginTestcase.java:29)
at com.testcases.LoginTestcase.quit(LoginTestcase.java:29)
at com.testcases.LoginTestcase.quit(LoginTestcase.java:29)
at com.testcases.LoginTestcase.quit(LoginTestcase.java:29)
at com.testcases.LoginTestcase.quit(LoginTestcase.java:29)
at com.testcases.LoginTestcase.quit(LoginTestcase.java:29)
at com.testcases.LoginTestcase.quit(LoginTestcase.java:29)
at com.testcases.LoginTestcase.quit(LoginTestcase.java:29)
at com.testcases.LoginTestcase.quit(LoginTestcase.java:29)
at com.testcases.LoginTestcase.quit(LoginTestcase.java:29)
at com.testcases.LoginTestcase.quit(LoginTestcase.java:29)
at com.testcases.LoginTestcase.quit(LoginTestcase.java:29)
at com.testcases.LoginTestcase.quit(LoginTestcase.java:29)
at com.testcases.LoginTestcase.quit(LoginTestcase.java:29)
at com.testcases.LoginTestcase.quit(LoginTestcase.java:29)
at com.testcases.LoginTestcase.quit(LoginTestcase.java:29)
at com.testcases.LoginTestcase.quit(LoginTestcase.java:29)
at com.testcases.LoginTestcase.quit(LoginTestcase.java:29)
at com.testcases.LoginTestcase.quit(LoginTestcase.java:29)
at com.testcases.LoginTestcase.quit(LoginTestcase.java:29)
at com.testcases.LoginTestcase.quit(LoginTestcase.java:29)
at com.testcases.LoginTestcase.quit(LoginTestcase.java:29)
at com.testcases.LoginTestcase.quit(LoginTestcase.java:29)
at com.testcases.LoginTestcase.quit(LoginTestcase.java:29)
at com.testcases.LoginTestcase.quit(LoginTestcase.java:29)
at com.testcases.LoginTestcase.quit(LoginTestcase.java:29)
at com.testcases.LoginTestcase.quit(LoginTestcase.java:29)
at com.testcases.LoginTestcase.quit(LoginTestcase.java:29)
at com.testcases.LoginTestcase.quit(LoginTestcase.java:29)
at com.testcases.LoginTestcase.quit(LoginTestcase.java:29)
at com.testcases.LoginTestcase.quit(LoginTestcase.java:29)
at com.testcases.LoginTestcase.quit(LoginTestcase.java:29)
at com.testcases.LoginTestcase.quit(LoginTestcase.java:29)
at com.testcases.LoginTestcase.quit(LoginTestcase.java:29)
at com.testcases.LoginTestcase.quit(LoginTestcase.java:29)
at com.testcases.LoginTestcase.quit(LoginTestcase.java:29)
at com.testcases.LoginTestcase.quit(LoginTestcase.java:29)
at com.testcases.LoginTestcase.quit(LoginTestcase.java:29)
at com.testcases.LoginTestcase.quit(LoginTestcase.java:29)
at com.testcases.LoginTestcase.quit(LoginTestcase.java:29)
at com.testcases.LoginTestcase.quit(LoginTestcase.java:29)
at com.testcases.LoginTestcase.quit(LoginTestcase.java:29)
at com.testcases.LoginTestcase.quit(LoginTestcase.java:29)
at com.testcases.LoginTestcase.quit(LoginTestcase.java:29)
at com.testcases.LoginTestcase.quit(LoginTestcase.java:29)
at com.testcases.LoginTestcase.quit(LoginTestcase.java:29)
at com.testcases.LoginTestcase.quit(LoginTestcase.java:29)
at com.testcases.LoginTestcase.quit(LoginTestcase.java:29)
at com.testcases.LoginTestcase.quit(LoginTestcase.java:29)
at com.testcases.LoginTestcase.quit(LoginTestcase.java:29)
at com.testcases.LoginTestcase.quit(LoginTestcase.java:29)
at com.testcases.LoginTestcase.quit(LoginTestcase.java:29)
at com.testcases.LoginTestcase.quit(LoginTestcase.java:29)
at com.testcases.LoginTestcase.quit(LoginTestcase.java:29)
at com.testcases.LoginTestcase.quit(LoginTestcase.java:29)
at com.testcases.LoginTestcase.quit(LoginTestcase.java:29)
at com.testcases.LoginTestcase.quit(LoginTestcase.java:29)
at com.testcases.LoginTestcase.quit(LoginTestcase.java:29)
at com.testcases.LoginTestcase.quit(LoginTestcase.java:29)
at com.testcases.LoginTestcase.quit(LoginTestcase.java:29)
at com.testcases.LoginTestcase.quit(LoginTestcase.java:29)
at com.testcases.LoginTestcase.quit(LoginTestcase.java:29)
at com.testcases.LoginTestcase.quit(LoginTestcase.java:29)
at com.testcases.LoginTestcase.quit(LoginTestcase.java:29)
at com.testcases.LoginTestcase.quit(LoginTestcase.java:29)
at com.testcases.LoginTestcase.quit(LoginTestcase.java:29)
at com.testcases.LoginTestcase.quit(LoginTestcase.java:29)
at com.testcases.LoginTestcase.quit(LoginTestcase.java:29)
at com.testcases.LoginTestcase.quit(LoginTestcase.java:29)
at com.testcases.LoginTestcase.quit(LoginTestcase.java:29)
at com.testcases.LoginTestcase.quit(LoginTestcase.java:29)
at com.testcases.LoginTestcase.quit(LoginTestcase.java:29)
at com.testcases.LoginTestcase.quit(LoginTestcase.java:29)
at com.testcases.LoginTestcase.quit(LoginTestcase.java:29)
at com.testcases.LoginTestcase.quit(LoginTestcase.java:29)
at com.testcases.LoginTestcase.quit(LoginTestcase.java:29)
at com.testcases.LoginTestcase.quit(LoginTestcase.java:29)
at com.testcases.LoginTestcase.quit(LoginTestcase.java:29)
at com.testcases.LoginTestcase.quit(LoginTestcase.java:29)
at com.testcases.LoginTestcase.quit(LoginTestcase.java:29)
at com.testcases.LoginTestcase.quit(LoginTestcase.java:29)
at com.testcases.LoginTestcase.quit(LoginTestcase.java:29)
at com.testcases.LoginTestcase.quit(LoginTestcase.java:29)
at com.testcases.LoginTestcase.quit(LoginTestcase.java:29)
at com.testcases.LoginTestcase.quit(LoginTestcase.java:29)
at com.testcases.LoginTestcase.quit(LoginTestcase.java:29)
at com.testcases.LoginTestcase.quit(LoginTestcase.java:29)
at com.testcases.LoginTestcase.quit(LoginTestcase.java:29)
at com.testcases.LoginTestcase.quit(LoginTestcase.java:29)
at com.testcases.LoginTestcase.quit(LoginTestcase.java:29)
at com.testcases.LoginTestcase.quit(LoginTestcase.java:29)
at com.testcases.LoginTestcase.quit(LoginTestcase.java:29)
at com.testcases.LoginTestcase.quit(LoginTestcase.java:29)
at com.testcases.LoginTestcase.quit(LoginTestcase.java:29)
at com.testcases.LoginTestcase.quit(LoginTestcase.java:29)
at com.testcases.LoginTestcase.quit(LoginTestcase.java:29)
at com.testcases.LoginTestcase.quit(LoginTestcase.java:29)
at com.testcases.LoginTestcase.quit(LoginTestcase.java:29)
at com.testcases.LoginTestcase.quit(LoginTestcase.java:29)
at com.testcases.LoginTestcase.quit(LoginTestcase.java:29)
at com.testcases.LoginTestcase.quit(LoginTestcase.java:29)
at com.testcases.LoginTestcase.quit(LoginTestcase.java:29)
at com.testcases.LoginTestcase.quit(LoginTestcase.java:29)
at com.testcases.LoginTestcase.quit(LoginTestcase.java:29)
at com.testcases.LoginTestcase.quit(LoginTestcase.java:29)
at com.testcases.LoginTestcase.quit(LoginTestcase.java:29)
at com.testcases.LoginTestcase.quit(LoginTestcase.java:29)
at com.testcases.LoginTestcase.quit(LoginTestcase.java:29)
at com.testcases.LoginTestcase.quit(LoginTestcase.java:29)
at com.testcases.LoginTestcase.quit(LoginTestcase.java:29)
at com.testcases.LoginTestcase.quit(LoginTestcase.java:29)
at com.testcases.LoginTestcase.quit(LoginTestcase.java:29)
at com.testcases.LoginTestcase.quit(LoginTestcase.java:29)
at com.testcases.LoginTestcase.quit(LoginTestcase.java:29)
at com.testcases.LoginTestcase.quit(LoginTestcase.java:29)
at com.testcases.LoginTestcase.quit(LoginTestcase.java:29)
at com.testcases.LoginTestcase.quit(LoginTestcase.java:29)
at com.testcases.LoginTestcase.quit(LoginTestcase.java:29)
at com.testcases.LoginTestcase.quit(LoginTestcase.java:29)
at com.testcases.LoginTestcase.quit(LoginTestcase.java:29)
at com.testcases.LoginTestcase.quit(LoginTestcase.java:29)
at com.testcases.LoginTestcase.quit(LoginTestcase.java:29)
at com.testcases.LoginTestcase.quit(LoginTestcase.java:29)
at com.testcases.LoginTestcase.quit(LoginTestcase.java:29)
at com.testcases.LoginTestcase.quit(LoginTestcase.java:29)
at com.testcases.LoginTestcase.quit(LoginTestcase.java:29)
at com.testcases.LoginTestcase.quit(LoginTestcase.java:29)
at com.testcases.LoginTestcase.quit(LoginTestcase.java:29)
at com.testcases.LoginTestcase.quit(LoginTestcase.java:29)
at com.testcases.LoginTestcase.quit(LoginTestcase.java:29)
at com.testcases.LoginTestcase.quit(LoginTestcase.java:29)
at com.testcases.LoginTestcase.quit(LoginTestcase.java:29)
at com.testcases.LoginTestcase.quit(LoginTestcase.java:29)
at com.testcases.LoginTestcase.quit(LoginTestcase.java:29)
at com.testcases.LoginTestcase.quit(LoginTestcase.java:29)
at com.testcases.LoginTestcase.quit(LoginTestcase.java:29)
at com.testcases.LoginTestcase.quit(LoginTestcase.java:29)
at com.testcases.LoginTestcase.quit(LoginTestcase.java:29)
at com.testcases.LoginTestcase.quit(LoginTestcase.java:29)
at com.testcases.LoginTestcase.quit(LoginTestcase.java:29)
at com.testcases.LoginTestcase.quit(LoginTestcase.java:29)
at com.testcases.LoginTestcase.quit(LoginTestcase.java:29)
at com.testcases.LoginTestcase.quit(LoginTestcase.java:29)
at com.testcases.LoginTestcase.quit(LoginTestcase.java:29)
at com.testcases.LoginTestcase.quit(LoginTestcase.java:29)
at com.testcases.LoginTestcase.quit(LoginTestcase.java:29)
at com.testcases.LoginTestcase.quit(LoginTestcase.java:29)
at com.testcases.LoginTestcase.quit(LoginTestcase.java:29)
at com.testcases.LoginTestcase.quit(LoginTestcase.java:29)
at com.testcases.LoginTestcase.quit(LoginTestcase.java:29)
at com.testcases.LoginTestcase.quit(LoginTestcase.java:29)
at com.testcases.LoginTestcase.quit(LoginTestcase.java:29)
at com.testcases.LoginTestcase.quit(LoginTestcase.java:29)
at com.testcases.LoginTestcase.quit(LoginTestcase.java:29)
at com.testcases.LoginTestcase.quit(LoginTestcase.java:29)
at com.testcases.LoginTestcase.quit(LoginTestcase.java:29)
at com.testcases.LoginTestcase.quit(LoginTestcase.java:29)
at com.testcases.LoginTestcase.quit(LoginTestcase.java:29)
at com.testcases.LoginTestcase.quit(LoginTestcase.java:29)
at com.testcases.LoginTestcase.quit(LoginTestcase.java:29)
at com.testcases.LoginTestcase.quit(LoginTestcase.java:29)
at com.testcases.LoginTestcase.quit(LoginTestcase.java:29)
at com.testcases.LoginTestcase.quit(LoginTestcase.java:29)
at com.testcases.LoginTestcase.quit(LoginTestcase.java:29)
at com.testcases.LoginTestcase.quit(LoginTestcase.java:29)
at com.testcases.LoginTestcase.quit(LoginTestcase.java:29)
at com.testcases.LoginTestcase.quit(LoginTestcase.java:29)
at com.testcases.LoginTestcase.quit(LoginTestcase.java:29)
at com.testcases.LoginTestcase.quit(LoginTestcase.java:29)
at com.testcases.LoginTestcase.quit(LoginTestcase.java:29)
at com.testcases.LoginTestcase.quit(LoginTestcase.java:29)
at com.testcases.LoginTestcase.quit(LoginTestcase.java:29)
at com.testcases.LoginTestcase.quit(LoginTestcase.java:29)
at com.testcases.LoginTestcase.quit(LoginTestcase.java:29)
at com.testcases.LoginTestcase.quit(LoginTestcase.java:29)
at com.testcases.LoginTestcase.quit(LoginTestcase.java:29)
at com.testcases.LoginTestcase.quit(LoginTestcase.java:29)
at com.testcases.LoginTestcase.quit(LoginTestcase.java:29)
at com.testcases.LoginTestcase.quit(LoginTestcase.java:29)
at com.testcases.LoginTestcase.quit(LoginTestcase.java:29)
at com.testcases.LoginTestcase.quit(LoginTestcase.java:29)
at com.testcases.LoginTestcase.quit(LoginTestcase.java:29)
at com.testcases.LoginTestcase.quit(LoginTestcase.java:29)
at com.testcases.LoginTestcase.quit(LoginTestcase.java:29)
at com.testcases.LoginTestcase.quit(LoginTestcase.java:29)
at com.testcases.LoginTestcase.quit(LoginTestcase.java:29)
at com.testcases.LoginTestcase.quit(LoginTestcase.java:29)
at com.testcases.LoginTestcase.quit(LoginTestcase.java:29)
at com.testcases.LoginTestcase.quit(LoginTestcase.java:29)
at com.testcases.LoginTestcase.quit(LoginTestcase.java:29)
at com.testcases.LoginTestcase.quit(LoginTestcase.java:29)
at com.testcases.LoginTestcase.quit(LoginTestcase.java:29)
at com.testcases.LoginTestcase.quit(LoginTestcase.java:29)
at com.testcases.LoginTestcase.quit(LoginTestcase.java:29)
at com.testcases.LoginTestcase.quit(LoginTestcase.java:29)
at com.testcases.LoginTestcase.quit(LoginTestcase.java:29)
at com.testcases.LoginTestcase.quit(LoginTestcase.java:29)
at com.testcases.LoginTestcase.quit(LoginTestcase.java:29)
at com.testcases.LoginTestcase.quit(LoginTestcase.java:29)
at com.testcases.LoginTestcase.quit(LoginTestcase.java:29)
at com.testcases.LoginTestcase.quit(LoginTestcase.java:29)
at com.testcases.LoginTestcase.quit(LoginTestcase.java:29)
at com.testcases.LoginTestcase.quit(LoginTestcase.java:29)
at com.testcases.LoginTestcase.quit(LoginTestcase.java:29)
at com.testcases.LoginTestcase.quit(LoginTestcase.java:29)
at com.testcases.LoginTestcase.quit(LoginTestcase.java:29)
at com.testcases.LoginTestcase.quit(LoginTestcase.java:29)
at com.testcases.LoginTestcase.quit(LoginTestcase.java:29)
at com.testcases.LoginTestcase.quit(LoginTestcase.java:29)
at com.testcases.LoginTestcase.quit(LoginTestcase.java:29)
at com.testcases.LoginTestcase.quit(LoginTestcase.java:29)
at com.testcases.LoginTestcase.quit(LoginTestcase.java:29)
at com.testcases.LoginTestcase.quit(LoginTestcase.java:29)
at com.testcases.LoginTestcase.quit(LoginTestcase.java:29)
at com.testcases.LoginTestcase.quit(LoginTestcase.java:29)
at com.testcases.LoginTestcase.quit(LoginTestcase.java:29)
at com.testcases.LoginTestcase.quit(LoginTestcase.java:29)
at com.testcases.LoginTestcase.quit(LoginTestcase.java:29)
at com.testcases.LoginTestcase.quit(LoginTestcase.java:29)
at com.testcases.LoginTestcase.quit(LoginTestcase.java:29)
at com.testcases.LoginTestcase.quit(LoginTestcase.java:29)
at com.testcases.LoginTestcase.quit(LoginTestcase.java:29)
at com.testcases.LoginTestcase.quit(LoginTestcase.java:29)
at com.testcases.LoginTestcase.quit(LoginTestcase.java:29)
at com.testcases.LoginTestcase.quit(LoginTestcase.java:29)
at com.testcases.LoginTestcase.quit(LoginTestcase.java:29)
at com.testcases.LoginTestcase.quit(LoginTestcase.java:29)
at com.testcases.LoginTestcase.quit(LoginTestcase.java:29)
at com.testcases.LoginTestcase.quit(LoginTestcase.java:29)
at com.testcases.LoginTestcase.quit(LoginTestcase.java:29)
at com.testcases.LoginTestcase.quit(LoginTestcase.java:29)
at com.testcases.LoginTestcase.quit(LoginTestcase.java:29)
at com.testcases.LoginTestcase.quit(LoginTestcase.java:29)
at com.testcases.LoginTestcase.quit(LoginTestcase.java:29)
at com.testcases.LoginTestcase.quit(LoginTestcase.java:29)
at com.testcases.LoginTestcase.quit(LoginTestcase.java:29)
at com.testcases.LoginTestcase.quit(LoginTestcase.java:29)
at com.testcases.LoginTestcase.quit(LoginTestcase.java:29)
at com.testcases.LoginTestcase.quit(LoginTestcase.java:29)
at com.testcases.LoginTestcase.quit(LoginTestcase.java:29)
at com.testcases.LoginTestcase.quit(LoginTestcase.java:29)
at com.testcases.LoginTestcase.quit(LoginTestcase.java:29)
at com.testcases.LoginTestcase.quit(LoginTestcase.java:29)
at com.testcases.LoginTestcase.quit(LoginTestcase.java:29)
at com.testcases.LoginTestcase.quit(LoginTestcase.java:29)
at com.testcases.LoginTestcase.quit(LoginTestcase.java:29)
at com.testcases.LoginTestcase.quit(LoginTestcase.java:29)
at com.testcases.LoginTestcase.quit(LoginTestcase.java:29)
at com.testcases.LoginTestcase.quit(LoginTestcase.java:29)
at com.testcases.LoginTestcase.quit(LoginTestcase.java:29)
at com.testcases.LoginTestcase.quit(LoginTestcase.java:29)
at com.testcases.LoginTestcase.quit(LoginTestcase.java:29)
at com.testcases.LoginTestcase.quit(LoginTestcase.java:29)
at com.testcases.LoginTestcase.quit(LoginTestcase.java:29)
at com.testcases.LoginTestcase.quit(LoginTestcase.java:29)
at com.testcases.LoginTestcase.quit(LoginTestcase.java:29)
at com.testcases.LoginTestcase.quit(LoginTestcase.java:29)
at com.testcases.LoginTestcase.quit(LoginTestcase.java:29)
at com.testcases.LoginTestcase.quit(LoginTestcase.java:29)
at com.testcases.LoginTestcase.quit(LoginTestcase.java:29)
at com.testcases.LoginTestcase.quit(LoginTestcase.java:29)
at com.testcases.LoginTestcase.quit(LoginTestcase.java:29)
at com.testcases.LoginTestcase.quit(LoginTestcase.java:29)
at com.testcases.LoginTestcase.quit(LoginTestcase.java:29)
at com.testcases.LoginTestcase.quit(LoginTestcase.java:29)
at com.testcases.LoginTestcase.quit(LoginTestcase.java:29)
at com.testcases.LoginTestcase.quit(LoginTestcase.java:29)
at com.testcases.LoginTestcase.quit(LoginTestcase.java:29)
at com.testcases.LoginTestcase.quit(LoginTestcase.java:29)
at com.testcases.LoginTestcase.quit(LoginTestcase.java:29)
at com.testcases.LoginTestcase.quit(LoginTestcase.java:29)
at com.testcases.LoginTestcase.quit(LoginTestcase.java:29)
at com.testcases.LoginTestcase.quit(LoginTestcase.java:29)
at com.testcases.LoginTestcase.quit(LoginTestcase.java:29)
at com.testcases.LoginTestcase.quit(LoginTestcase.java:29)
at com.testcases.LoginTestcase.quit(LoginTestcase.java:29)
at com.testcases.LoginTestcase.quit(LoginTestcase.java:29)
at com.testcases.LoginTestcase.quit(LoginTestcase.java:29)
at com.testcases.LoginTestcase.quit(LoginTestcase.java:29)
at com.testcases.LoginTestcase.quit(LoginTestcase.java:29)
at com.testcases.LoginTestcase.quit(LoginTestcase.java:29)
at com.testcases.LoginTestcase.quit(LoginTestcase.java:29)
at com.testcases.LoginTestcase.quit(LoginTestcase.java:29)
at com.testcases.LoginTestcase.quit(LoginTestcase.java:29)
at com.testcases.LoginTestcase.quit(LoginTestcase.java:29)
at com.testcases.LoginTestcase.quit(LoginTestcase.java:29)
at com.testcases.LoginTestcase.quit(LoginTestcase.java:29)
at com.testcases.LoginTestcase.quit(LoginTestcase.java:29)
at com.testcases.LoginTestcase.quit(LoginTestcase.java:29)
at com.testcases.LoginTestcase.quit(LoginTestcase.java:29)
at com.testcases.LoginTestcase.quit(LoginTestcase.java:29)
at com.testcases.LoginTestcase.quit(LoginTestcase.java:29)
at com.testcases.LoginTestcase.quit(LoginTestcase.java:29)
at com.testcases.LoginTestcase.quit(LoginTestcase.java:29)
at com.testcases.LoginTestcase.quit(LoginTestcase.java:29)
at com.testcases.LoginTestcase.quit(LoginTestcase.java:29)
at com.testcases.LoginTestcase.quit(LoginTestcase.java:29)
at com.testcases.LoginTestcase.quit(LoginTestcase.java:29)
at com.testcases.LoginTestcase.quit(LoginTestcase.java:29)
at com.testcases.LoginTestcase.quit(LoginTestcase.java:29)
at com.testcases.LoginTestcase.quit(LoginTestcase.java:29)
at com.testcases.LoginTestcase.quit(LoginTestcase.java:29)
at com.testcases.LoginTestcase.quit(LoginTestcase.java:29)
at com.testcases.LoginTestcase.quit(LoginTestcase.java:29)
at com.testcases.LoginTestcase.quit(LoginTestcase.java:29)
at com.testcases.LoginTestcase.quit(LoginTestcase.java:29)
at com.testcases.LoginTestcase.quit(LoginTestcase.java:29)
at com.testcases.LoginTestcase.quit(LoginTestcase.java:29)
at com.testcases.LoginTestcase.quit(LoginTestcase.java:29)
at com.testcases.LoginTestcase.quit(LoginTestcase.java:29)
at com.testcases.LoginTestcase.quit(LoginTestcase.java:29)
at com.testcases.LoginTestcase.quit(LoginTestcase.java:29)
at com.testcases.LoginTestcase.quit(LoginTestcase.java:29)
at com.testcases.LoginTestcase.quit(LoginTestcase.java:29)
at com.testcases.LoginTestcase.quit(LoginTestcase.java:29)
at com.testcases.LoginTestcase.quit(LoginTestcase.java:29)
at com.testcases.LoginTestcase.quit(LoginTestcase.java:29)
at com.testcases.LoginTestcase.quit(LoginTestcase.java:29)
at com.testcases.LoginTestcase.quit(LoginTestcase.java:29)
at com.testcases.LoginTestcase.quit(LoginTestcase.java:29)
at com.testcases.LoginTestcase.quit(LoginTestcase.java:29)
at com.testcases.LoginTestcase.quit(LoginTestcase.java:29)
at com.testcases.LoginTestcase.quit(LoginTestcase.java:29)
at com.testcases.LoginTestcase.quit(LoginTestcase.java:29)
at com.testcases.LoginTestcase.quit(LoginTestcase.java:29)
at com.testcases.LoginTestcase.quit(LoginTestcase.java:29)
at com.testcases.LoginTestcase.quit(LoginTestcase.java:29)
at com.testcases.LoginTestcase.quit(LoginTestcase.java:29)
at com.testcases.LoginTestcase.quit(LoginTestcase.java:29)
at com.testcases.LoginTestcase.quit(LoginTestcase.java:29)
at com.testcases.LoginTestcase.quit(LoginTestcase.java:29)
at com.testcases.LoginTestcase.quit(LoginTestcase.java:29)
at com.testcases.LoginTestcase.quit(LoginTestcase.java:29)
at com.testcases.LoginTestcase.quit(LoginTestcase.java:29)
at com.testcases.LoginTestcase.quit(LoginTestcase.java:29)
at com.testcases.LoginTestcase.quit(LoginTestcase.java:29)
at com.testcases.LoginTestcase.quit(LoginTestcase.java:29)
at com.testcases.LoginTestcase.quit(LoginTestcase.java:29)
at com.testcases.LoginTestcase.quit(LoginTestcase.java:29)
at com.testcases.LoginTestcase.quit(LoginTestcase.java:29)
at com.testcases.LoginTestcase.quit(LoginTestcase.java:29)
at com.testcases.LoginTestcase.quit(LoginTestcase.java:29)
at com.testcases.LoginTestcase.quit(LoginTestcase.java:29)
at com.testcases.LoginTestcase.quit(LoginTestcase.java:29)
at com.testcases.LoginTestcase.quit(LoginTestcase.java:29)
at com.testcases.LoginTestcase.quit(LoginTestcase.java:29)
at com.testcases.LoginTestcase.quit(LoginTestcase.java:29)
at com.testcases.LoginTestcase.quit(LoginTestcase.java:29)
at com.testcases.LoginTestcase.quit(LoginTestcase.java:29)
at com.testcases.LoginTestcase.quit(LoginTestcase.java:29)
at com.testcases.LoginTestcase.quit(LoginTestcase.java:29)
at com.testcases.LoginTestcase.quit(LoginTestcase.java:29)
at com.testcases.LoginTestcase.quit(LoginTestcase.java:29)
at com.testcases.LoginTestcase.quit(LoginTestcase.java:29)
at com.testcases.LoginTestcase.quit(LoginTestcase.java:29)
at com.testcases.LoginTestcase.quit(LoginTestcase.java:29)
at com.testcases.LoginTestcase.quit(LoginTestcase.java:29)
at com.testcases.LoginTestcase.quit(LoginTestcase.java:29)
at com.testcases.LoginTestcase.quit(LoginTestcase.java:29)
at com.testcases.LoginTestcase.quit(LoginTestcase.java:29)
at com.testcases.LoginTestcase.quit(LoginTestcase.java:29)
at com.testcases.LoginTestcase.quit(LoginTestcase.java:29)
at com.testcases.LoginTestcase.quit(LoginTestcase.java:29)
at com.testcases.LoginTestcase.quit(LoginTestcase.java:29)
at com.testcases.LoginTestcase.quit(LoginTestcase.java:29)
at com.testcases.LoginTestcase.quit(LoginTestcase.java:29)
at com.testcases.LoginTestcase.quit(LoginTestcase.java:29)
at com.testcases.LoginTestcase.quit(LoginTestcase.java:29)
at com.testcases.LoginTestcase.quit(LoginTestcase.java:29)
at com.testcases.LoginTestcase.quit(LoginTestcase.java:29)
at com.testcases.LoginTestcase.quit(LoginTestcase.java:29)
at com.testcases.LoginTestcase.quit(LoginTestcase.java:29)
at com.testcases.LoginTestcase.quit(LoginTestcase.java:29)
at com.testcases.LoginTestcase.quit(LoginTestcase.java:29)
at com.testcases.LoginTestcase.quit(LoginTestcase.java:29)
at com.testcases.LoginTestcase.quit(LoginTestcase.java:29)
at com.testcases.LoginTestcase.quit(LoginTestcase.java:29)
at com.testcases.LoginTestcase.quit(LoginTestcase.java:29)
at com.testcases.LoginTestcase.quit(LoginTestcase.java:29)
at com.testcases.LoginTestcase.quit(LoginTestcase.java:29)
at com.testcases.LoginTestcase.quit(LoginTestcase.java:29)
at com.testcases.LoginTestcase.quit(LoginTestcase.java:29)
at com.testcases.LoginTestcase.quit(LoginTestcase.java:29)
at com.testcases.LoginTestcase.quit(LoginTestcase.java:29)
at com.testcases.LoginTestcase.quit(LoginTestcase.java:29)
at com.testcases.LoginTestcase.quit(LoginTestcase.java:29)
at com.testcases.LoginTestcase.quit(LoginTestcase.java:29)
at com.testcases.LoginTestcase.quit(LoginTestcase.java:29)
at com.testcases.LoginTestcase.quit(LoginTestcase.java:29)
at com.testcases.LoginTestcase.quit(LoginTestcase.java:29)
at com.testcases.LoginTestcase.quit(LoginTestcase.java:29)
at com.testcases.LoginTestcase.quit(LoginTestcase.java:29)
at com.testcases.LoginTestcase.quit(LoginTestcase.java:29)
at com.testcases.LoginTestcase.quit(LoginTestcase.java:29)
at com.testcases.LoginTestcase.quit(LoginTestcase.java:29)
at com.testcases.LoginTestcase.quit(LoginTestcase.java:29)
at com.testcases.LoginTestcase.quit(LoginTestcase.java:29)
at com.testcases.LoginTestcase.quit(LoginTestcase.java:29)
at com.testcases.LoginTestcase.quit(LoginTestcase.java:29)
at com.testcases.LoginTestcase.quit(LoginTestcase.java:29)
at com.testcases.LoginTestcase.quit(LoginTestcase.java:29)
at com.testcases.LoginTestcase.quit(LoginTestcase.java:29)
at com.testcases.LoginTestcase.quit(LoginTestcase.java:29)
at com.testcases.LoginTestcase.quit(LoginTestcase.java:29)
at com.testcases.LoginTestcase.quit(LoginTestcase.java:29)
at com.testcases.LoginTestcase.quit(LoginTestcase.java:29)
at com.testcases.LoginTestcase.quit(LoginTestcase.java:29)
at com.testcases.LoginTestcase.quit(LoginTestcase.java:29)
at com.testcases.LoginTestcase.quit(LoginTestcase.java:29)
at com.testcases.LoginTestcase.quit(LoginTestcase.java:29)
at com.testcases.LoginTestcase.quit(LoginTestcase.java:29)
at com.testcases.LoginTestcase.quit(LoginTestcase.java:29)
at com.testcases.LoginTestcase.quit(LoginTestcase.java:29)
at com.testcases.LoginTestcase.quit(LoginTestcase.java:29)
at com.testcases.LoginTestcase.quit(LoginTestcase.java:29)
at com.testcases.LoginTestcase.quit(LoginTestcase.java:29)
at com.testcases.LoginTestcase.quit(LoginTestcase.java:29)
at com.testcases.LoginTestcase.quit(LoginTestcase.java:29)
at com.testcases.LoginTestcase.quit(LoginTestcase.java:29)
at com.testcases.LoginTestcase.quit(LoginTestcase.java:29)
at com.testcases.LoginTestcase.quit(LoginTestcase.java:29)
at com.testcases.LoginTestcase.quit(LoginTestcase.java:29)
at com.testcases.LoginTestcase.quit(LoginTestcase.java:29)
at com.testcases.LoginTestcase.quit(LoginTestcase.java:29)
at com.testcases.LoginTestcase.quit(LoginTestcase.java:29)
at com.testcases.LoginTestcase.quit(LoginTestcase.java:29)
at com.testcases.LoginTestcase.quit(LoginTestcase.java:29)
at com.testcases.LoginTestcase.quit(LoginTestcase.java:29)
at com.testcases.LoginTestcase.quit(LoginTestcase.java:29)
at com.testcases.LoginTestcase.quit(LoginTestcase.java:29)
at com.testcases.LoginTestcase.quit(LoginTestcase.java:29)
at com.testcases.LoginTestcase.quit(LoginTestcase.java:29)
at com.testcases.LoginTestcase.quit(LoginTestcase.java:29)
at com.testcases.LoginTestcase.quit(LoginTestcase.java:29)
at com.testcases.LoginTestcase.quit(LoginTestcase.java:29)
at com.testcases.LoginTestcase.quit(LoginTestcase.java:29)
at com.testcases.LoginTestcase.quit(LoginTestcase.java:29)
at com.testcases.LoginTestcase.quit(LoginTestcase.java:29)
at com.testcases.LoginTestcase.quit(LoginTestcase.java:29)
at com.testcases.LoginTestcase.quit(LoginTestcase.java:29)
at com.testcases.LoginTestcase.quit(LoginTestcase.java:29)
at com.testcases.LoginTestcase.quit(LoginTestcase.java:29)
at com.testcases.LoginTestcase.quit(LoginTestcase.java:29)
at com.testcases.LoginTestcase.quit(LoginTestcase.java:29)
at com.testcases.LoginTestcase.quit(LoginTestcase.java:29)
at com.testcases.LoginTestcase.quit(LoginTestcase.java:29)
at com.testcases.LoginTestcase.quit(LoginTestcase.java:29)
at com.testcases.LoginTestcase.quit(LoginTestcase.java:29)
at com.testcases.LoginTestcase.quit(LoginTestcase.java:29)
at com.testcases.LoginTestcase.quit(LoginTestcase.java:29)
at com.testcases.LoginTestcase.quit(LoginTestcase.java:29)
at com.testcases.LoginTestcase.quit(LoginTestcase.java:29)
at com.testcases.LoginTestcase.quit(LoginTestcase.java:29)
at com.testcases.LoginTestcase.quit(LoginTestcase.java:29)
at com.testcases.LoginTestcase.quit(LoginTestcase.java:29)
at com.testcases.LoginTestcase.quit(LoginTestcase.java:29)
at com.testcases.LoginTestcase.quit(LoginTestcase.java:29)
at com.testcases.LoginTestcase.quit(LoginTestcase.java:29)
at com.testcases.LoginTestcase.quit(LoginTestcase.java:29)
at com.testcases.LoginTestcase.quit(LoginTestcase.java:29)
at com.testcases.LoginTestcase.quit(LoginTestcase.java:29)
at com.testcases.LoginTestcase.quit(LoginTestcase.java:29)
at com.testcases.LoginTestcase.quit(LoginTestcase.java:29)
at com.testcases.LoginTestcase.quit(LoginTestcase.java:29)
at com.testcases.LoginTestcase.quit(LoginTestcase.java:29)
at com.testcases.LoginTestcase.quit(LoginTestcase.java:29)
at com.testcases.LoginTestcase.quit(LoginTestcase.java:29)
at com.testcases.LoginTestcase.quit(LoginTestcase.java:29)
at com.testcases.LoginTestcase.quit(LoginTestcase.java:29)
at com.testcases.LoginTestcase.quit(LoginTestcase.java:29)
at com.testcases.LoginTestcase.quit(LoginTestcase.java:29)
at com.testcases.LoginTestcase.quit(LoginTestcase.java:29)
at com.testcases.LoginTestcase.quit(LoginTestcase.java:29)
at com.testcases.LoginTestcase.quit(LoginTestcase.java:29)
at com.testcases.LoginTestcase.quit(LoginTestcase.java:29)
at com.testcases.LoginTestcase.quit(LoginTestcase.java:29)
at com.testcases.LoginTestcase.quit(LoginTestcase.java:29)
at com.testcases.LoginTestcase.quit(LoginTestcase.java:29)
at com.testcases.LoginTestcase.quit(LoginTestcase.java:29)
at com.testcases.LoginTestcase.quit(LoginTestcase.java:29)
at com.testcases.LoginTestcase.quit(LoginTestcase.java:29)
at com.testcases.LoginTestcase.quit(LoginTestcase.java:29)
at com.testcases.LoginTestcase.quit(LoginTestcase.java:29)
at com.testcases.LoginTestcase.quit(LoginTestcase.java:29)
at com.testcases.LoginTestcase.quit(LoginTestcase.java:29)
at com.testcases.LoginTestcase.quit(LoginTestcase.java:29)
at com.testcases.LoginTestcase.quit(LoginTestcase.java:29)
at com.testcases.LoginTestcase.quit(LoginTestcase.java:29)
at com.testcases.LoginTestcase.quit(LoginTestcase.java:29)
at com.testcases.LoginTestcase.quit(LoginTestcase.java:29)
at com.testcases.LoginTestcase.quit(LoginTestcase.java:29)
at com.testcases.LoginTestcase.quit(LoginTestcase.java:29)
at com.testcases.LoginTestcase.quit(LoginTestcase.java:29)
at com.testcases.LoginTestcase.quit(LoginTestcase.java:29)
at com.testcases.LoginTestcase.quit(LoginTestcase.java:29)
at com.testcases.LoginTestcase.quit(LoginTestcase.java:29)
at com.testcases.LoginTestcase.quit(LoginTestcase.java:29)
at com.testcases.LoginTestcase.quit(LoginTestcase.java:29)
at com.testcases.LoginTestcase.quit(LoginTestcase.java:29)
at com.testcases.LoginTestcase.quit(LoginTestcase.java:29)
at com.testcases.LoginTestcase.quit(LoginTestcase.java:29)
at com.testcases.LoginTestcase.quit(LoginTestcase.java:29)
at com.testcases.LoginTestcase.quit(LoginTestcase.java:29)
at com.testcases.LoginTestcase.quit(LoginTestcase.java:29)
at com.testcases.LoginTestcase.quit(LoginTestcase.java:29)
at com.testcases.LoginTestcase.quit(LoginTestcase.java:29)
at com.testcases.LoginTestcase.quit(LoginTestcase.java:29)
at com.testcases.LoginTestcase.quit(LoginTestcase.java:29)
at com.testcases.LoginTestcase.quit(LoginTestcase.java:29)
at com.testcases.LoginTestcase.quit(LoginTestcase.java:29)
at com.testcases.LoginTestcase.quit(LoginTestcase.java:29)
at com.testcases.LoginTestcase.quit(LoginTestcase.java:29)
at com.testcases.LoginTestcase.quit(LoginTestcase.java:29)
at com.testcases.LoginTestcase.quit(LoginTestcase.java:29)
at com.testcases.LoginTestcase.quit(LoginTestcase.java:29)
at com.testcases.LoginTestcase.quit(LoginTestcase.java:29)
at com.testcases.LoginTestcase.quit(LoginTestcase.java:29)
at com.testcases.LoginTestcase.quit(LoginTestcase.java:29)
at com.testcases.LoginTestcase.quit(LoginTestcase.java:29)
at com.testcases.LoginTestcase.quit(LoginTestcase.java:29)
at com.testcases.LoginTestcase.quit(LoginTestcase.java:29)
at com.testcases.LoginTestcase.quit(LoginTestcase.java:29)
at com.testcases.LoginTestcase.quit(LoginTestcase.java:29)
at com.testcases.LoginTestcase.quit(LoginTestcase.java:29)
at com.testcases.LoginTestcase.quit(LoginTestcase.java:29)
at com.testcases.LoginTestcase.quit(LoginTestcase.java:29)
at com.testcases.LoginTestcase.quit(LoginTestcase.java:29)
at com.testcases.LoginTestcase.quit(LoginTestcase.java:29)
at com.testcases.LoginTestcase.quit(LoginTestcase.java:29)
at com.testcases.LoginTestcase.quit(LoginTestcase.java:29)
at com.testcases.LoginTestcase.quit(LoginTestcase.java:29)
at com.testcases.LoginTestcase.quit(LoginTestcase.java:29)
at com.testcases.LoginTestcase.quit(LoginTestcase.java:29)
at com.testcases.LoginTestcase.quit(LoginTestcase.java:29)
at com.testcases.LoginTestcase.quit(LoginTestcase.java:29)
at com.testcases.LoginTestcase.quit(LoginTestcase.java:29)
at com.testcases.LoginTestcase.quit(LoginTestcase.java:29)
at com.testcases.LoginTestcase.quit(LoginTestcase.java:29)
at com.testcases.LoginTestcase.quit(LoginTestcase.java:29)
at com.testcases.LoginTestcase.quit(LoginTestcase.java:29)
at com.testcases.LoginTestcase.quit(LoginTestcase.java:29)
at com.testcases.LoginTestcase.quit(LoginTestcase.java:29)
at com.testcases.LoginTestcase.quit(LoginTestcase.java:29)
at com.testcases.LoginTestcase.quit(LoginTestcase.java:29)
at com.testcases.LoginTestcase.quit(LoginTestcase.java:29)
at com.testcases.LoginTestcase.quit(LoginTestcase.java:29)
at com.testcases.LoginTestcase.quit(LoginTestcase.java:29)
at com.testcases.LoginTestcase.quit(LoginTestcase.java:29)
]]>
    </failure>
  </testcase> <!-- @AfterClass quit -->
  <testcase classname="com.testcases.LoginTestcase" name="login" time="1.102"/>
</testsuite> <!-- Test -->
