<?xml version="1.0" encoding="UTF-8"?>
<!-- Generated by org.testng.reporters.JUnitXMLReporter -->
<testsuite ignored="0" hostname="DESKTOP-D3NLLGS" failures="1" tests="1" name="Test" time="0.218" errors="0" timestamp="2020-03-28T18:58:19 IST">
  <testcase classname="com.testcases.OrangeTestcase" name="@AfterClass close" time="0.01">
    <failure type="java.lang.NullPointerException">
      <![CDATA[java.lang.NullPointerException
at com.seleniumutility.utility.Takessnapshot(utility.java:21)
at com.testcases.OrangeTestcase.close(OrangeTestcase.java:34)
at java.base/java.util.ArrayList.forEach(Unknown Source)
... Removed 25 stack frames]]>
    </failure>
  </testcase> <!-- @AfterClass close -->
  <testcase classname="com.testcases.OrangeTestcase" name="login" time="0.074">
    <failure type="java.lang.NullPointerException">
      <![CDATA[java.lang.NullPointerException
at com.pages.AmazonLogin.loginToApp_username(AmazonLogin.java:34)
at com.testcases.OrangeTestcase.login(OrangeTestcase.java:24)
at java.base/java.util.ArrayList.forEach(Unknown Source)
... Removed 27 stack frames]]>
    </failure>
  </testcase> <!-- login -->
</testsuite> <!-- Test -->
