<?xml version="1.0" encoding="UTF-8"?>
<!-- Generated by org.testng.reporters.JUnitXMLReporter -->
<testsuite ignored="0" hostname="DESKTOP-D3NLLGS" failures="1" tests="1" name="Test" time="0.237" errors="0" timestamp="2020-03-28T20:44:46 IST">
  <testcase classname="com.testcases.OrangeLeaveAppTest" name="@AfterClass close" time="0.013">
    <failure type="java.lang.NullPointerException">
      <![CDATA[java.lang.NullPointerException
at com.seleniumutility.utility.Takessnapshot(utility.java:21)
at com.testcases.OrangeLeaveAppTest.close(OrangeLeaveAppTest.java:53)
at java.base/java.util.ArrayList.forEach(Unknown Source)
... Removed 25 stack frames]]>
    </failure>
  </testcase> <!-- @AfterClass close -->
  <testcase classname="com.testcases.OrangeLeaveAppTest" name="OrangeHrm" time="0.074">
    <failure type="java.lang.NullPointerException">
      <![CDATA[java.lang.NullPointerException
at com.pages.OrangeHrmLogin.orangehrm_username(OrangeHrmLogin.java:24)
at com.testcases.OrangeLeaveAppTest.OrangeHrm(OrangeLeaveAppTest.java:31)
at java.base/java.util.ArrayList.forEach(Unknown Source)
... Removed 27 stack frames]]>
    </failure>
  </testcase> <!-- OrangeHrm -->
</testsuite> <!-- Test -->
