<?xml version="1.0" encoding="UTF-8"?>
<testng-results ignored="0" total="1" passed="1" failed="0" skipped="0">
  <reporter-output>
  </reporter-output>
  <suite started-at="2020-04-04T00:30:00 IST" name="Suite" finished-at="2020-04-04T00:30:28 IST" duration-ms="27491">
    <groups>
    </groups>
    <test started-at="2020-04-04T00:30:00 IST" name="Test" finished-at="2020-04-04T00:30:28 IST" duration-ms="27491">
      <class name="com.testcases.LoginTestcase">
        <test-method is-config="true" signature="startUp()[pri:0, instance:com.testcases.LoginTestcase@b62d79]" started-at="2020-04-04T00:30:00 IST" name="startUp" finished-at="2020-04-04T00:30:26 IST" duration-ms="26205" status="PASS">
          <reporter-output>
          </reporter-output>
        </test-method> <!-- startUp -->
        <test-method signature="login()[pri:0, instance:com.testcases.LoginTestcase@b62d79]" started-at="2020-04-04T00:30:27 IST" name="login" finished-at="2020-04-04T00:30:28 IST" duration-ms="1102" status="PASS">
          <reporter-output>
          </reporter-output>
        </test-method> <!-- login -->
        <test-method is-config="true" signature="quit()[pri:0, instance:com.testcases.LoginTestcase@b62d79]" started-at="2020-04-04T00:30:28 IST" name="quit" finished-at="2020-04-04T00:30:28 IST" duration-ms="20" status="FAIL">
          <exception class="java.lang.StackOverflowError">
            <full-stacktrace>
              <![CDATA[java.lang.StackOverflowError
at com.testcases.LoginTestcase.quit(LoginTestcase.java:29)
at com.testcases.LoginTestcase.quit(LoginTestcase.java:29)
at com.testcases.LoginTestcase.quit(LoginTestcase.java:29)
at com.testcases.LoginTestcase.quit(LoginTestcase.java:29)
at com.testcases.LoginTestcase.quit(LoginTestcase.java:29)
at com.testcases.LoginTestcase.quit(LoginTestcase.java:29)
at com.testcases.LoginTestcase.quit(LoginTestcase.java:29)
at com.testcases.LoginTestcase.quit(LoginTestcase.java:29)
at com.testcases.LoginTestcase.quit(LoginTestcase.java:29)
at com.testcases.LoginTestcase.quit(LoginTestcase.java:29)
at com.testcases.LoginTestcase.quit(LoginTestcase.java:29)
at com.testcases.LoginTestcase.quit(LoginTestcase.java:29)
at com.testcases.LoginTestcase.quit(LoginTestcase.java:29)
at com.testcases.LoginTestcase.quit(LoginTestcase.java:29)
at com.testcases.LoginTestcase.quit(LoginTestcase.java:29)
at com.testcases.LoginTestcase.quit(LoginTestcase.java:29)
at com.testcases.LoginTestcase.quit(LoginTestcase.java:29)
at com.testcases.LoginTestcase.quit(LoginTestcase.java:29)
at com.testcases.LoginTestcase.quit(LoginTestcase.java:29)
at com.testcases.LoginTestcase.quit(LoginTestcase.java:29)
at com.testcases.LoginTestcase.quit(LoginTestcase.java:29)
at com.testcases.LoginTestcase.quit(LoginTestcase.java:29)
at com.testcases.LoginTestcase.quit(LoginTestcase.java:29)
at com.testcases.LoginTestcase.quit(LoginTestcase.java:29)
at com.testcases.LoginTestcase.quit(LoginTestcase.java:29)
at com.testcases.LoginTestcase.quit(LoginTestcase.java:29)
at com.testcases.LoginTestcase.quit(LoginTestcase.java:29)
at com.testcases.LoginTestcase.quit(LoginTestcase.java:29)
at com.testcases.LoginTestcase.quit(LoginTestcase.java:29)
at com.testcases.LoginTestcase.quit(LoginTestcase.java:29)
at com.testcases.LoginTestcase.quit(LoginTestcase.java:29)
at com.testcases.LoginTestcase.quit(LoginTestcase.java:29)
at com.testcases.LoginTestcase.quit(LoginTestcase.java:29)
at com.testcases.LoginTestcase.quit(LoginTestcase.java:29)
at com.testcases.LoginTestcase.quit(LoginTestcase.java:29)
at com.testcases.LoginTestcase.quit(LoginTestcase.java:29)
at com.testcases.LoginTestcase.quit(LoginTestcase.java:29)
at com.testcases.LoginTestcase.quit(LoginTestcase.java:29)
at com.testcases.LoginTestcase.quit(LoginTestcase.java:29)
at com.testcases.LoginTestcase.quit(LoginTestcase.java:29)
at com.testcases.LoginTestcase.quit(LoginTestcase.java:29)
at com.testcases.LoginTestcase.quit(LoginTestcase.java:29)
at com.testcases.LoginTestcase.quit(LoginTestcase.java:29)
at com.testcases.LoginTestcase.quit(LoginTestcase.java:29)
at com.testcases.LoginTestcase.quit(LoginTestcase.java:29)
at com.testcases.LoginTestcase.quit(LoginTestcase.java:29)
at com.testcases.LoginTestcase.quit(LoginTestcase.java:29)
at com.testcases.LoginTestcase.quit(LoginTestcase.java:29)
at com.testcases.LoginTestcase.quit(LoginTestcase.java:29)
at com.testcases.LoginTestcase.quit(LoginTestcase.java:29)
at com.testcases.LoginTestcase.quit(LoginTestcase.java:29)
at com.testcases.LoginTestcase.quit(LoginTestcase.java:29)
at com.testcases.LoginTestcase.quit(LoginTestcase.java:29)
at com.testcases.LoginTestcase.quit(LoginTestcase.java:29)
at com.testcases.LoginTestcase.quit(LoginTestcase.java:29)
at com.testcases.LoginTestcase.quit(LoginTestcase.java:29)
at com.testcases.LoginTestcase.quit(LoginTestcase.java:29)
at com.testcases.LoginTestcase.quit(LoginTestcase.java:29)
at com.testcases.LoginTestcase.quit(LoginTestcase.java:29)
at com.testcases.LoginTestcase.quit(LoginTestcase.java:29)
at com.testcases.LoginTestcase.quit(LoginTestcase.java:29)
at com.testcases.LoginTestcase.quit(LoginTestcase.java:29)
at com.testcases.LoginTestcase.quit(LoginTestcase.java:29)
at com.testcases.LoginTestcase.quit(LoginTestcase.java:29)
at com.testcases.LoginTestcase.quit(LoginTestcase.java:29)
at com.testcases.LoginTestcase.quit(LoginTestcase.java:29)
at com.testcases.LoginTestcase.quit(LoginTestcase.java:29)
at com.testcases.LoginTestcase.quit(LoginTestcase.java:29)
at com.testcases.LoginTestcase.quit(LoginTestcase.java:29)
at com.testcases.LoginTestcase.quit(LoginTestcase.java:29)
at com.testcases.LoginTestcase.quit(LoginTestcase.java:29)
at com.testcases.LoginTestcase.quit(LoginTestcase.java:29)
at com.testcases.LoginTestcase.quit(LoginTestcase.java:29)
at com.testcases.LoginTestcase.quit(LoginTestcase.java:29)
at com.testcases.LoginTestcase.quit(LoginTestcase.java:29)
at com.testcases.LoginTestcase.quit(LoginTestcase.java:29)
at com.testcases.LoginTestcase.quit(LoginTestcase.java:29)
at com.testcases.LoginTestcase.quit(LoginTestcase.java:29)
at com.testcases.LoginTestcase.quit(LoginTestcase.java:29)
at com.testcases.LoginTestcase.quit(LoginTestcase.java:29)
at com.testcases.LoginTestcase.quit(LoginTestcase.java:29)
at com.testcases.LoginTestcase.quit(LoginTestcase.java:29)
at com.testcases.LoginTestcase.quit(LoginTestcase.java:29)
at com.testcases.LoginTestcase.quit(LoginTestcase.java:29)
at com.testcases.LoginTestcase.quit(LoginTestcase.java:29)
at com.testcases.LoginTestcase.quit(LoginTestcase.java:29)
at com.testcases.LoginTestcase.quit(LoginTestcase.java:29)
at com.testcases.LoginTestcase.quit(LoginTestcase.java:29)
at com.testcases.LoginTestcase.quit(LoginTestcase.java:29)
at com.testcases.LoginTestcase.quit(LoginTestcase.java:29)
at com.testcases.LoginTestcase.quit(LoginTestcase.java:29)
at com.testcases.LoginTestcase.quit(LoginTestcase.java:29)
at com.testcases.LoginTestcase.quit(LoginTestcase.java:29)
at com.testcases.LoginTestcase.quit(LoginTestcase.java:29)
at com.testcases.LoginTestcase.quit(LoginTestcase.java:29)
at com.testcases.LoginTestcase.quit(LoginTestcase.java:29)
at com.testcases.LoginTestcase.quit(LoginTestcase.java:29)
at com.testcases.LoginTestcase.quit(LoginTestcase.java:29)
at com.testcases.LoginTestcase.quit(LoginTestcase.java:29)
at com.testcases.LoginTestcase.quit(LoginTestcase.java:29)
at com.testcases.LoginTestcase.quit(LoginTestcase.java:29)
at com.testcases.LoginTestcase.quit(LoginTestcase.java:29)
at com.testcases.LoginTestcase.quit(LoginTestcase.java:29)
at com.testcases.LoginTestcase.quit(LoginTestcase.java:29)
at com.testcases.LoginTestcase.quit(LoginTestcase.java:29)
at com.testcases.LoginTestcase.quit(LoginTestcase.java:29)
at com.testcases.LoginTestcase.quit(LoginTestcase.java:29)
at com.testcases.LoginTestcase.quit(LoginTestcase.java:29)
at com.testcases.LoginTestcase.quit(LoginTestcase.java:29)
at com.testcases.LoginTestcase.quit(LoginTestcase.java:29)
at com.testcases.LoginTestcase.quit(LoginTestcase.java:29)
at com.testcases.LoginTestcase.quit(LoginTestcase.java:29)
at com.testcases.LoginTestcase.quit(LoginTestcase.java:29)
at com.testcases.LoginTestcase.quit(LoginTestcase.java:29)
at com.testcases.LoginTestcase.quit(LoginTestcase.java:29)
at com.testcases.LoginTestcase.quit(LoginTestcase.java:29)
at com.testcases.LoginTestcase.quit(LoginTestcase.java:29)
at com.testcases.LoginTestcase.quit(LoginTestcase.java:29)
at com.testcases.LoginTestcase.quit(LoginTestcase.java:29)
at com.testcases.LoginTestcase.quit(LoginTestcase.java:29)
at com.testcases.LoginTestcase.quit(LoginTestcase.java:29)
at com.testcases.LoginTestcase.quit(LoginTestcase.java:29)
at com.testcases.LoginTestcase.quit(LoginTestcase.java:29)
at com.testcases.LoginTestcase.quit(LoginTestcase.java:29)
at com.testcases.LoginTestcase.quit(LoginTestcase.java:29)
at com.testcases.LoginTestcase.quit(LoginTestcase.java:29)
at com.testcases.LoginTestcase.quit(LoginTestcase.java:29)
at com.testcases.LoginTestcase.quit(LoginTestcase.java:29)
at com.testcases.LoginTestcase.quit(LoginTestcase.java:29)
at com.testcases.LoginTestcase.quit(LoginTestcase.java:29)
at com.testcases.LoginTestcase.quit(LoginTestcase.java:29)
at com.testcases.LoginTestcase.quit(LoginTestcase.java:29)
at com.testcases.LoginTestcase.quit(LoginTestcase.java:29)
at com.testcases.LoginTestcase.quit(LoginTestcase.java:29)
at com.testcases.LoginTestcase.quit(LoginTestcase.java:29)
at com.testcases.LoginTestcase.quit(LoginTestcase.java:29)
at com.testcases.LoginTestcase.quit(LoginTestcase.java:29)
at com.testcases.LoginTestcase.quit(LoginTestcase.java:29)
at com.testcases.LoginTestcase.quit(LoginTestcase.java:29)
at com.testcases.LoginTestcase.quit(LoginTestcase.java:29)
at com.testcases.LoginTestcase.quit(LoginTestcase.java:29)
at com.testcases.LoginTestcase.quit(LoginTestcase.java:29)
at com.testcases.LoginTestcase.quit(LoginTestcase.java:29)
at com.testcases.LoginTestcase.quit(LoginTestcase.java:29)
at com.testcases.LoginTestcase.quit(LoginTestcase.java:29)
at com.testcases.LoginTestcase.quit(LoginTestcase.java:29)
at com.testcases.LoginTestcase.quit(LoginTestcase.java:29)
at com.testcases.LoginTestcase.quit(LoginTestcase.java:29)
at com.testcases.LoginTestcase.quit(LoginTestcase.java:29)
at com.testcases.LoginTestcase.quit(LoginTestcase.java:29)
at com.testcases.LoginTestcase.quit(LoginTestcase.java:29)
at com.testcases.LoginTestcase.quit(LoginTestcase.java:29)
at com.testcases.LoginTestcase.quit(LoginTestcase.java:29)
at com.testcases.LoginTestcase.quit(LoginTestcase.java:29)
at com.testcases.LoginTestcase.quit(LoginTestcase.java:29)
at com.testcases.LoginTestcase.quit(LoginTestcase.java:29)
at com.testcases.LoginTestcase.quit(LoginTestcase.java:29)
at com.testcases.LoginTestcase.quit(LoginTestcase.java:29)
at com.testcases.LoginTestcase.quit(LoginTestcase.java:29)
at com.testcases.LoginTestcase.quit(LoginTestcase.java:29)
at com.testcases.LoginTestcase.quit(LoginTestcase.java:29)
at com.testcases.LoginTestcase.quit(LoginTestcase.java:29)
at com.testcases.LoginTestcase.quit(LoginTestcase.java:29)
at com.testcases.LoginTestcase.quit(LoginTestcase.java:29)
at com.testcases.LoginTestcase.quit(LoginTestcase.java:29)
at com.testcases.LoginTestcase.quit(LoginTestcase.java:29)
at com.testcases.LoginTestcase.quit(LoginTestcase.java:29)
at com.testcases.LoginTestcase.quit(LoginTestcase.java:29)
at com.testcases.LoginTestcase.quit(LoginTestcase.java:29)
at com.testcases.LoginTestcase.quit(LoginTestcase.java:29)
at com.testcases.LoginTestcase.quit(LoginTestcase.java:29)
at com.testcases.LoginTestcase.quit(LoginTestcase.java:29)
at com.testcases.LoginTestcase.quit(LoginTestcase.java:29)
at com.testcases.LoginTestcase.quit(LoginTestcase.java:29)
at com.testcases.LoginTestcase.quit(LoginTestcase.java:29)
at com.testcases.LoginTestcase.quit(LoginTestcase.java:29)
at com.testcases.LoginTestcase.quit(LoginTestcase.java:29)
at com.testcases.LoginTestcase.quit(LoginTestcase.java:29)
at com.testcases.LoginTestcase.quit(LoginTestcase.java:29)
at com.testcases.LoginTestcase.quit(LoginTestcase.java:29)
at com.testcases.LoginTestcase.quit(LoginTestcase.java:29)
at com.testcases.LoginTestcase.quit(LoginTestcase.java:29)
at com.testcases.LoginTestcase.quit(LoginTestcase.java:29)
at com.testcases.LoginTestcase.quit(LoginTestcase.java:29)
at com.testcases.LoginTestcase.quit(LoginTestcase.java:29)
at com.testcases.LoginTestcase.quit(LoginTestcase.java:29)
at com.testcases.LoginTestcase.quit(LoginTestcase.java:29)
at com.testcases.LoginTestcase.quit(LoginTestcase.java:29)
at com.testcases.LoginTestcase.quit(LoginTestcase.java:29)
at com.testcases.LoginTestcase.quit(LoginTestcase.java:29)
at com.testcases.LoginTestcase.quit(LoginTestcase.java:29)
at com.testcases.LoginTestcase.quit(LoginTestcase.java:29)
at com.testcases.LoginTestcase.quit(LoginTestcase.java:29)
at com.testcases.LoginTestcase.quit(LoginTestcase.java:29)
at com.testcases.LoginTestcase.quit(LoginTestcase.java:29)
at com.testcases.LoginTestcase.quit(LoginTestcase.java:29)
at com.testcases.LoginTestcase.quit(LoginTestcase.java:29)
at com.testcases.LoginTestcase.quit(LoginTestcase.java:29)
at com.testcases.LoginTestcase.quit(LoginTestcase.java:29)
at com.testcases.LoginTestcase.quit(LoginTestcase.java:29)
at com.testcases.LoginTestcase.quit(LoginTestcase.java:29)
at com.testcases.LoginTestcase.quit(LoginTestcase.java:29)
at com.testcases.LoginTestcase.quit(LoginTestcase.java:29)
at com.testcases.LoginTestcase.quit(LoginTestcase.java:29)
at com.testcases.LoginTestcase.quit(LoginTestcase.java:29)
at com.testcases.LoginTestcase.quit(LoginTestcase.java:29)
at com.testcases.LoginTestcase.quit(LoginTestcase.java:29)
at com.testcases.LoginTestcase.quit(LoginTestcase.java:29)
at com.testcases.LoginTestcase.quit(LoginTestcase.java:29)
at com.testcases.LoginTestcase.quit(LoginTestcase.java:29)
at com.testcases.LoginTestcase.quit(LoginTestcase.java:29)
at com.testcases.LoginTestcase.quit(LoginTestcase.java:29)
at com.testcases.LoginTestcase.quit(LoginTestcase.java:29)
at com.testcases.LoginTestcase.quit(LoginTestcase.java:29)
at com.testcases.LoginTestcase.quit(LoginTestcase.java:29)
at com.testcases.LoginTestcase.quit(LoginTestcase.java:29)
at com.testcases.LoginTestcase.quit(LoginTestcase.java:29)
at com.testcases.LoginTestcase.quit(LoginTestcase.java:29)
at com.testcases.LoginTestcase.quit(LoginTestcase.java:29)
at com.testcases.LoginTestcase.quit(LoginTestcase.java:29)
at com.testcases.LoginTestcase.quit(LoginTestcase.java:29)
at com.testcases.LoginTestcase.quit(LoginTestcase.java:29)
at com.testcases.LoginTestcase.quit(LoginTestcase.java:29)
at com.testcases.LoginTestcase.quit(LoginTestcase.java:29)
at com.testcases.LoginTestcase.quit(LoginTestcase.java:29)
at com.testcases.LoginTestcase.quit(LoginTestcase.java:29)
at com.testcases.LoginTestcase.quit(LoginTestcase.java:29)
at com.testcases.LoginTestcase.quit(LoginTestcase.java:29)
at com.testcases.LoginTestcase.quit(LoginTestcase.java:29)
at com.testcases.LoginTestcase.quit(LoginTestcase.java:29)
at com.testcases.LoginTestcase.quit(LoginTestcase.java:29)
at com.testcases.LoginTestcase.quit(LoginTestcase.java:29)
at com.testcases.LoginTestcase.quit(LoginTestcase.java:29)
at com.testcases.LoginTestcase.quit(LoginTestcase.java:29)
at com.testcases.LoginTestcase.quit(LoginTestcase.java:29)
at com.testcases.LoginTestcase.quit(LoginTestcase.java:29)
at com.testcases.LoginTestcase.quit(LoginTestcase.java:29)
at com.testcases.LoginTestcase.quit(LoginTestcase.java:29)
at com.testcases.LoginTestcase.quit(LoginTestcase.java:29)
at com.testcases.LoginTestcase.quit(LoginTestcase.java:29)
at com.testcases.LoginTestcase.quit(LoginTestcase.java:29)
at com.testcases.LoginTestcase.quit(LoginTestcase.java:29)
at com.testcases.LoginTestcase.quit(LoginTestcase.java:29)
at com.testcases.LoginTestcase.quit(LoginTestcase.java:29)
at com.testcases.LoginTestcase.quit(LoginTestcase.java:29)
at com.testcases.LoginTestcase.quit(LoginTestcase.java:29)
at com.testcases.LoginTestcase.quit(LoginTestcase.java:29)
at com.testcases.LoginTestcase.quit(LoginTestcase.java:29)
at com.testcases.LoginTestcase.quit(LoginTestcase.java:29)
at com.testcases.LoginTestcase.quit(LoginTestcase.java:29)
at com.testcases.LoginTestcase.quit(LoginTestcase.java:29)
at com.testcases.LoginTestcase.quit(LoginTestcase.java:29)
at com.testcases.LoginTestcase.quit(LoginTestcase.java:29)
at com.testcases.LoginTestcase.quit(LoginTestcase.java:29)
at com.testcases.LoginTestcase.quit(LoginTestcase.java:29)
at com.testcases.LoginTestcase.quit(LoginTestcase.java:29)
at com.testcases.LoginTestcase.quit(LoginTestcase.java:29)
at com.testcases.LoginTestcase.quit(LoginTestcase.java:29)
at com.testcases.LoginTestcase.quit(LoginTestcase.java:29)
at com.testcases.LoginTestcase.quit(LoginTestcase.java:29)
at com.testcases.LoginTestcase.quit(LoginTestcase.java:29)
at com.testcases.LoginTestcase.quit(LoginTestcase.java:29)
at com.testcases.LoginTestcase.quit(LoginTestcase.java:29)
at com.testcases.LoginTestcase.quit(LoginTestcase.java:29)
at com.testcases.LoginTestcase.quit(LoginTestcase.java:29)
at com.testcases.LoginTestcase.quit(LoginTestcase.java:29)
at com.testcases.LoginTestcase.quit(LoginTestcase.java:29)
at com.testcases.LoginTestcase.quit(LoginTestcase.java:29)
at com.testcases.LoginTestcase.quit(LoginTestcase.java:29)
at com.testcases.LoginTestcase.quit(LoginTestcase.java:29)
at com.testcases.LoginTestcase.quit(LoginTestcase.java:29)
at com.testcases.LoginTestcase.quit(LoginTestcase.java:29)
at com.testcases.LoginTestcase.quit(LoginTestcase.java:29)
at com.testcases.LoginTestcase.quit(LoginTestcase.java:29)
at com.testcases.LoginTestcase.quit(LoginTestcase.java:29)
at com.testcases.LoginTestcase.quit(LoginTestcase.java:29)
at com.testcases.LoginTestcase.quit(LoginTestcase.java:29)
at com.testcases.LoginTestcase.quit(LoginTestcase.java:29)
at com.testcases.LoginTestcase.quit(LoginTestcase.java:29)
at com.testcases.LoginTestcase.quit(LoginTestcase.java:29)
at com.testcases.LoginTestcase.quit(LoginTestcase.java:29)
at com.testcases.LoginTestcase.quit(LoginTestcase.java:29)
at com.testcases.LoginTestcase.quit(LoginTestcase.java:29)
at com.testcases.LoginTestcase.quit(LoginTestcase.java:29)
at com.testcases.LoginTestcase.quit(LoginTestcase.java:29)
at com.testcases.LoginTestcase.quit(LoginTestcase.java:29)
at com.testcases.LoginTestcase.quit(LoginTestcase.java:29)
at com.testcases.LoginTestcase.quit(LoginTestcase.java:29)
at com.testcases.LoginTestcase.quit(LoginTestcase.java:29)
at com.testcases.LoginTestcase.quit(LoginTestcase.java:29)
at com.testcases.LoginTestcase.quit(LoginTestcase.java:29)
at com.testcases.LoginTestcase.quit(LoginTestcase.java:29)
at com.testcases.LoginTestcase.quit(LoginTestcase.java:29)
at com.testcases.LoginTestcase.quit(LoginTestcase.java:29)
at com.testcases.LoginTestcase.quit(LoginTestcase.java:29)
at com.testcases.LoginTestcase.quit(LoginTestcase.java:29)
at com.testcases.LoginTestcase.quit(LoginTestcase.java:29)
at com.testcases.LoginTestcase.quit(LoginTestcase.java:29)
at com.testcases.LoginTestcase.quit(LoginTestcase.java:29)
at com.testcases.LoginTestcase.quit(LoginTestcase.java:29)
at com.testcases.LoginTestcase.quit(LoginTestcase.java:29)
at com.testcases.LoginTestcase.quit(LoginTestcase.java:29)
at com.testcases.LoginTestcase.quit(LoginTestcase.java:29)
at com.testcases.LoginTestcase.quit(LoginTestcase.java:29)
at com.testcases.LoginTestcase.quit(LoginTestcase.java:29)
at com.testcases.LoginTestcase.quit(LoginTestcase.java:29)
at com.testcases.LoginTestcase.quit(LoginTestcase.java:29)
at com.testcases.LoginTestcase.quit(LoginTestcase.java:29)
at com.testcases.LoginTestcase.quit(LoginTestcase.java:29)
at com.testcases.LoginTestcase.quit(LoginTestcase.java:29)
at com.testcases.LoginTestcase.quit(LoginTestcase.java:29)
at com.testcases.LoginTestcase.quit(LoginTestcase.java:29)
at com.testcases.LoginTestcase.quit(LoginTestcase.java:29)
at com.testcases.LoginTestcase.quit(LoginTestcase.java:29)
at com.testcases.LoginTestcase.quit(LoginTestcase.java:29)
at com.testcases.LoginTestcase.quit(LoginTestcase.java:29)
at com.testcases.LoginTestcase.quit(LoginTestcase.java:29)
at com.testcases.LoginTestcase.quit(LoginTestcase.java:29)
at com.testcases.LoginTestcase.quit(LoginTestcase.java:29)
at com.testcases.LoginTestcase.quit(LoginTestcase.java:29)
at com.testcases.LoginTestcase.quit(LoginTestcase.java:29)
at com.testcases.LoginTestcase.quit(LoginTestcase.java:29)
at com.testcases.LoginTestcase.quit(LoginTestcase.java:29)
at com.testcases.LoginTestcase.quit(LoginTestcase.java:29)
at com.testcases.LoginTestcase.quit(LoginTestcase.java:29)
at com.testcases.LoginTestcase.quit(LoginTestcase.java:29)
at com.testcases.LoginTestcase.quit(LoginTestcase.java:29)
at com.testcases.LoginTestcase.quit(LoginTestcase.java:29)
at com.testcases.LoginTestcase.quit(LoginTestcase.java:29)
at com.testcases.LoginTestcase.quit(LoginTestcase.java:29)
at com.testcases.LoginTestcase.quit(LoginTestcase.java:29)
at com.testcases.LoginTestcase.quit(LoginTestcase.java:29)
at com.testcases.LoginTestcase.quit(LoginTestcase.java:29)
at com.testcases.LoginTestcase.quit(LoginTestcase.java:29)
at com.testcases.LoginTestcase.quit(LoginTestcase.java:29)
at com.testcases.LoginTestcase.quit(LoginTestcase.java:29)
at com.testcases.LoginTestcase.quit(LoginTestcase.java:29)
at com.testcases.LoginTestcase.quit(LoginTestcase.java:29)
at com.testcases.LoginTestcase.quit(LoginTestcase.java:29)
at com.testcases.LoginTestcase.quit(LoginTestcase.java:29)
at com.testcases.LoginTestcase.quit(LoginTestcase.java:29)
at com.testcases.LoginTestcase.quit(LoginTestcase.java:29)
at com.testcases.LoginTestcase.quit(LoginTestcase.java:29)
at com.testcases.LoginTestcase.quit(LoginTestcase.java:29)
at com.testcases.LoginTestcase.quit(LoginTestcase.java:29)
at com.testcases.LoginTestcase.quit(LoginTestcase.java:29)
at com.testcases.LoginTestcase.quit(LoginTestcase.java:29)
at com.testcases.LoginTestcase.quit(LoginTestcase.java:29)
at com.testcases.LoginTestcase.quit(LoginTestcase.java:29)
at com.testcases.LoginTestcase.quit(LoginTestcase.java:29)
at com.testcases.LoginTestcase.quit(LoginTestcase.java:29)
at com.testcases.LoginTestcase.quit(LoginTestcase.java:29)
at com.testcases.LoginTestcase.quit(LoginTestcase.java:29)
at com.testcases.LoginTestcase.quit(LoginTestcase.java:29)
at com.testcases.LoginTestcase.quit(LoginTestcase.java:29)
at com.testcases.LoginTestcase.quit(LoginTestcase.java:29)
at com.testcases.LoginTestcase.quit(LoginTestcase.java:29)
at com.testcases.LoginTestcase.quit(LoginTestcase.java:29)
at com.testcases.LoginTestcase.quit(LoginTestcase.java:29)
at com.testcases.LoginTestcase.quit(LoginTestcase.java:29)
at com.testcases.LoginTestcase.quit(LoginTestcase.java:29)
at com.testcases.LoginTestcase.quit(LoginTestcase.java:29)
at com.testcases.LoginTestcase.quit(LoginTestcase.java:29)
at com.testcases.LoginTestcase.quit(LoginTestcase.java:29)
at com.testcases.LoginTestcase.quit(LoginTestcase.java:29)
at com.testcases.LoginTestcase.quit(LoginTestcase.java:29)
at com.testcases.LoginTestcase.quit(LoginTestcase.java:29)
at com.testcases.LoginTestcase.quit(LoginTestcase.java:29)
at com.testcases.LoginTestcase.quit(LoginTestcase.java:29)
at com.testcases.LoginTestcase.quit(LoginTestcase.java:29)
at com.testcases.LoginTestcase.quit(LoginTestcase.java:29)
at com.testcases.LoginTestcase.quit(LoginTestcase.java:29)
at com.testcases.LoginTestcase.quit(LoginTestcase.java:29)
at com.testcases.LoginTestcase.quit(LoginTestcase.java:29)
at com.testcases.LoginTestcase.quit(LoginTestcase.java:29)
at com.testcases.LoginTestcase.quit(LoginTestcase.java:29)
at com.testcases.LoginTestcase.quit(LoginTestcase.java:29)
at com.testcases.LoginTestcase.quit(LoginTestcase.java:29)
at com.testcases.LoginTestcase.quit(LoginTestcase.java:29)
at com.testcases.LoginTestcase.quit(LoginTestcase.java:29)
at com.testcases.LoginTestcase.quit(LoginTestcase.java:29)
at com.testcases.LoginTestcase.quit(LoginTestcase.java:29)
at com.testcases.LoginTestcase.quit(LoginTestcase.java:29)
at com.testcases.LoginTestcase.quit(LoginTestcase.java:29)
at com.testcases.LoginTestcase.quit(LoginTestcase.java:29)
at com.testcases.LoginTestcase.quit(LoginTestcase.java:29)
at com.testcases.LoginTestcase.quit(LoginTestcase.java:29)
at com.testcases.LoginTestcase.quit(LoginTestcase.java:29)
at com.testcases.LoginTestcase.quit(LoginTestcase.java:29)
at com.testcases.LoginTestcase.quit(LoginTestcase.java:29)
at com.testcases.LoginTestcase.quit(LoginTestcase.java:29)
at com.testcases.LoginTestcase.quit(LoginTestcase.java:29)
at com.testcases.LoginTestcase.quit(LoginTestcase.java:29)
at com.testcases.LoginTestcase.quit(LoginTestcase.java:29)
at com.testcases.LoginTestcase.quit(LoginTestcase.java:29)
at com.testcases.LoginTestcase.quit(LoginTestcase.java:29)
at com.testcases.LoginTestcase.quit(LoginTestcase.java:29)
at com.testcases.LoginTestcase.quit(LoginTestcase.java:29)
at com.testcases.LoginTestcase.quit(LoginTestcase.java:29)
at com.testcases.LoginTestcase.quit(LoginTestcase.java:29)
at com.testcases.LoginTestcase.quit(LoginTestcase.java:29)
at com.testcases.LoginTestcase.quit(LoginTestcase.java:29)
at com.testcases.LoginTestcase.quit(LoginTestcase.java:29)
at com.testcases.LoginTestcase.quit(LoginTestcase.java:29)
at com.testcases.LoginTestcase.quit(LoginTestcase.java:29)
at com.testcases.LoginTestcase.quit(LoginTestcase.java:29)
at com.testcases.LoginTestcase.quit(LoginTestcase.java:29)
at com.testcases.LoginTestcase.quit(LoginTestcase.java:29)
at com.testcases.LoginTestcase.quit(LoginTestcase.java:29)
at com.testcases.LoginTestcase.quit(LoginTestcase.java:29)
at com.testcases.LoginTestcase.quit(LoginTestcase.java:29)
at com.testcases.LoginTestcase.quit(LoginTestcase.java:29)
at com.testcases.LoginTestcase.quit(LoginTestcase.java:29)
at com.testcases.LoginTestcase.quit(LoginTestcase.java:29)
at com.testcases.LoginTestcase.quit(LoginTestcase.java:29)
at com.testcases.LoginTestcase.quit(LoginTestcase.java:29)
at com.testcases.LoginTestcase.quit(LoginTestcase.java:29)
at com.testcases.LoginTestcase.quit(LoginTestcase.java:29)
at com.testcases.LoginTestcase.quit(LoginTestcase.java:29)
at com.testcases.LoginTestcase.quit(LoginTestcase.java:29)
at com.testcases.LoginTestcase.quit(LoginTestcase.java:29)
at com.testcases.LoginTestcase.quit(LoginTestcase.java:29)
at com.testcases.LoginTestcase.quit(LoginTestcase.java:29)
at com.testcases.LoginTestcase.quit(LoginTestcase.java:29)
at com.testcases.LoginTestcase.quit(LoginTestcase.java:29)
at com.testcases.LoginTestcase.quit(LoginTestcase.java:29)
at com.testcases.LoginTestcase.quit(LoginTestcase.java:29)
at com.testcases.LoginTestcase.quit(LoginTestcase.java:29)
at com.testcases.LoginTestcase.quit(LoginTestcase.java:29)
at com.testcases.LoginTestcase.quit(LoginTestcase.java:29)
at com.testcases.LoginTestcase.quit(LoginTestcase.java:29)
at com.testcases.LoginTestcase.quit(LoginTestcase.java:29)
at com.testcases.LoginTestcase.quit(LoginTestcase.java:29)
at com.testcases.LoginTestcase.quit(LoginTestcase.java:29)
at com.testcases.LoginTestcase.quit(LoginTestcase.java:29)
at com.testcases.LoginTestcase.quit(LoginTestcase.java:29)
at com.testcases.LoginTestcase.quit(LoginTestcase.java:29)
at com.testcases.LoginTestcase.quit(LoginTestcase.java:29)
at com.testcases.LoginTestcase.quit(LoginTestcase.java:29)
at com.testcases.LoginTestcase.quit(LoginTestcase.java:29)
at com.testcases.LoginTestcase.quit(LoginTestcase.java:29)
at com.testcases.LoginTestcase.quit(LoginTestcase.java:29)
at com.testcases.LoginTestcase.quit(LoginTestcase.java:29)
at com.testcases.LoginTestcase.quit(LoginTestcase.java:29)
at com.testcases.LoginTestcase.quit(LoginTestcase.java:29)
at com.testcases.LoginTestcase.quit(LoginTestcase.java:29)
at com.testcases.LoginTestcase.quit(LoginTestcase.java:29)
at com.testcases.LoginTestcase.quit(LoginTestcase.java:29)
at com.testcases.LoginTestcase.quit(LoginTestcase.java:29)
at com.testcases.LoginTestcase.quit(LoginTestcase.java:29)
at com.testcases.LoginTestcase.quit(LoginTestcase.java:29)
at com.testcases.LoginTestcase.quit(LoginTestcase.java:29)
at com.testcases.LoginTestcase.quit(LoginTestcase.java:29)
at com.testcases.LoginTestcase.quit(LoginTestcase.java:29)
at com.testcases.LoginTestcase.quit(LoginTestcase.java:29)
at com.testcases.LoginTestcase.quit(LoginTestcase.java:29)
at com.testcases.LoginTestcase.quit(LoginTestcase.java:29)
at com.testcases.LoginTestcase.quit(LoginTestcase.java:29)
at com.testcases.LoginTestcase.quit(LoginTestcase.java:29)
at com.testcases.LoginTestcase.quit(LoginTestcase.java:29)
at com.testcases.LoginTestcase.quit(LoginTestcase.java:29)
at com.testcases.LoginTestcase.quit(LoginTestcase.java:29)
at com.testcases.LoginTestcase.quit(LoginTestcase.java:29)
at com.testcases.LoginTestcase.quit(LoginTestcase.java:29)
at com.testcases.LoginTestcase.quit(LoginTestcase.java:29)
at com.testcases.LoginTestcase.quit(LoginTestcase.java:29)
at com.testcases.LoginTestcase.quit(LoginTestcase.java:29)
at com.testcases.LoginTestcase.quit(LoginTestcase.java:29)
at com.testcases.LoginTestcase.quit(LoginTestcase.java:29)
at com.testcases.LoginTestcase.quit(LoginTestcase.java:29)
at com.testcases.LoginTestcase.quit(LoginTestcase.java:29)
at com.testcases.LoginTestcase.quit(LoginTestcase.java:29)
at com.testcases.LoginTestcase.quit(LoginTestcase.java:29)
at com.testcases.LoginTestcase.quit(LoginTestcase.java:29)
at com.testcases.LoginTestcase.quit(LoginTestcase.java:29)
at com.testcases.LoginTestcase.quit(LoginTestcase.java:29)
at com.testcases.LoginTestcase.quit(LoginTestcase.java:29)
at com.testcases.LoginTestcase.quit(LoginTestcase.java:29)
at com.testcases.LoginTestcase.quit(LoginTestcase.java:29)
at com.testcases.LoginTestcase.quit(LoginTestcase.java:29)
at com.testcases.LoginTestcase.quit(LoginTestcase.java:29)
at com.testcases.LoginTestcase.quit(LoginTestcase.java:29)
at com.testcases.LoginTestcase.quit(LoginTestcase.java:29)
at com.testcases.LoginTestcase.quit(LoginTestcase.java:29)
at com.testcases.LoginTestcase.quit(LoginTestcase.java:29)
at com.testcases.LoginTestcase.quit(LoginTestcase.java:29)
at com.testcases.LoginTestcase.quit(LoginTestcase.java:29)
at com.testcases.LoginTestcase.quit(LoginTestcase.java:29)
at com.testcases.LoginTestcase.quit(LoginTestcase.java:29)
at com.testcases.LoginTestcase.quit(LoginTestcase.java:29)
at com.testcases.LoginTestcase.quit(LoginTestcase.java:29)
at com.testcases.LoginTestcase.quit(LoginTestcase.java:29)
at com.testcases.LoginTestcase.quit(LoginTestcase.java:29)
at com.testcases.LoginTestcase.quit(LoginTestcase.java:29)
at com.testcases.LoginTestcase.quit(LoginTestcase.java:29)
at com.testcases.LoginTestcase.quit(LoginTestcase.java:29)
at com.testcases.LoginTestcase.quit(LoginTestcase.java:29)
at com.testcases.LoginTestcase.quit(LoginTestcase.java:29)
at com.testcases.LoginTestcase.quit(LoginTestcase.java:29)
at com.testcases.LoginTestcase.quit(LoginTestcase.java:29)
at com.testcases.LoginTestcase.quit(LoginTestcase.java:29)
at com.testcases.LoginTestcase.quit(LoginTestcase.java:29)
at com.testcases.LoginTestcase.quit(LoginTestcase.java:29)
at com.testcases.LoginTestcase.quit(LoginTestcase.java:29)
at com.testcases.LoginTestcase.quit(LoginTestcase.java:29)
at com.testcases.LoginTestcase.quit(LoginTestcase.java:29)
at com.testcases.LoginTestcase.quit(LoginTestcase.java:29)
at com.testcases.LoginTestcase.quit(LoginTestcase.java:29)
at com.testcases.LoginTestcase.quit(LoginTestcase.java:29)
at com.testcases.LoginTestcase.quit(LoginTestcase.java:29)
at com.testcases.LoginTestcase.quit(LoginTestcase.java:29)
at com.testcases.LoginTestcase.quit(LoginTestcase.java:29)
at com.testcases.LoginTestcase.quit(LoginTestcase.java:29)
at com.testcases.LoginTestcase.quit(LoginTestcase.java:29)
at com.testcases.LoginTestcase.quit(LoginTestcase.java:29)
at com.testcases.LoginTestcase.quit(LoginTestcase.java:29)
at com.testcases.LoginTestcase.quit(LoginTestcase.java:29)
at com.testcases.LoginTestcase.quit(LoginTestcase.java:29)
at com.testcases.LoginTestcase.quit(LoginTestcase.java:29)
at com.testcases.LoginTestcase.quit(LoginTestcase.java:29)
at com.testcases.LoginTestcase.quit(LoginTestcase.java:29)
at com.testcases.LoginTestcase.quit(LoginTestcase.java:29)
at com.testcases.LoginTestcase.quit(LoginTestcase.java:29)
at com.testcases.LoginTestcase.quit(LoginTestcase.java:29)
at com.testcases.LoginTestcase.quit(LoginTestcase.java:29)
at com.testcases.LoginTestcase.quit(LoginTestcase.java:29)
at com.testcases.LoginTestcase.quit(LoginTestcase.java:29)
at com.testcases.LoginTestcase.quit(LoginTestcase.java:29)
at com.testcases.LoginTestcase.quit(LoginTestcase.java:29)
at com.testcases.LoginTestcase.quit(LoginTestcase.java:29)
at com.testcases.LoginTestcase.quit(LoginTestcase.java:29)
at com.testcases.LoginTestcase.quit(LoginTestcase.java:29)
at com.testcases.LoginTestcase.quit(LoginTestcase.java:29)
at com.testcases.LoginTestcase.quit(LoginTestcase.java:29)
at com.testcases.LoginTestcase.quit(LoginTestcase.java:29)
at com.testcases.LoginTestcase.quit(LoginTestcase.java:29)
at com.testcases.LoginTestcase.quit(LoginTestcase.java:29)
at com.testcases.LoginTestcase.quit(LoginTestcase.java:29)
at com.testcases.LoginTestcase.quit(LoginTestcase.java:29)
at com.testcases.LoginTestcase.quit(LoginTestcase.java:29)
at com.testcases.LoginTestcase.quit(LoginTestcase.java:29)
at com.testcases.LoginTestcase.quit(LoginTestcase.java:29)
at com.testcases.LoginTestcase.quit(LoginTestcase.java:29)
at com.testcases.LoginTestcase.quit(LoginTestcase.java:29)
at com.testcases.LoginTestcase.quit(LoginTestcase.java:29)
at com.testcases.LoginTestcase.quit(LoginTestcase.java:29)
at com.testcases.LoginTestcase.quit(LoginTestcase.java:29)
at com.testcases.LoginTestcase.quit(LoginTestcase.java:29)
at com.testcases.LoginTestcase.quit(LoginTestcase.java:29)
at com.testcases.LoginTestcase.quit(LoginTestcase.java:29)
at com.testcases.LoginTestcase.quit(LoginTestcase.java:29)
at com.testcases.LoginTestcase.quit(LoginTestcase.java:29)
at com.testcases.LoginTestcase.quit(LoginTestcase.java:29)
at com.testcases.LoginTestcase.quit(LoginTestcase.java:29)
at com.testcases.LoginTestcase.quit(LoginTestcase.java:29)
at com.testcases.LoginTestcase.quit(LoginTestcase.java:29)
at com.testcases.LoginTestcase.quit(LoginTestcase.java:29)
at com.testcases.LoginTestcase.quit(LoginTestcase.java:29)
at com.testcases.LoginTestcase.quit(LoginTestcase.java:29)
at com.testcases.LoginTestcase.quit(LoginTestcase.java:29)
at com.testcases.LoginTestcase.quit(LoginTestcase.java:29)
at com.testcases.LoginTestcase.quit(LoginTestcase.java:29)
at com.testcases.LoginTestcase.quit(LoginTestcase.java:29)
at com.testcases.LoginTestcase.quit(LoginTestcase.java:29)
at com.testcases.LoginTestcase.quit(LoginTestcase.java:29)
at com.testcases.LoginTestcase.quit(LoginTestcase.java:29)
at com.testcases.LoginTestcase.quit(LoginTestcase.java:29)
at com.testcases.LoginTestcase.quit(LoginTestcase.java:29)
at com.testcases.LoginTestcase.quit(LoginTestcase.java:29)
at com.testcases.LoginTestcase.quit(LoginTestcase.java:29)
at com.testcases.LoginTestcase.quit(LoginTestcase.java:29)
at com.testcases.LoginTestcase.quit(LoginTestcase.java:29)
at com.testcases.LoginTestcase.quit(LoginTestcase.java:29)
at com.testcases.LoginTestcase.quit(LoginTestcase.java:29)
at com.testcases.LoginTestcase.quit(LoginTestcase.java:29)
at com.testcases.LoginTestcase.quit(LoginTestcase.java:29)
at com.testcases.LoginTestcase.quit(LoginTestcase.java:29)
at com.testcases.LoginTestcase.quit(LoginTestcase.java:29)
at com.testcases.LoginTestcase.quit(LoginTestcase.java:29)
at com.testcases.LoginTestcase.quit(LoginTestcase.java:29)
at com.testcases.LoginTestcase.quit(LoginTestcase.java:29)
at com.testcases.LoginTestcase.quit(LoginTestcase.java:29)
at com.testcases.LoginTestcase.quit(LoginTestcase.java:29)
at com.testcases.LoginTestcase.quit(LoginTestcase.java:29)
at com.testcases.LoginTestcase.quit(LoginTestcase.java:29)
at com.testcases.LoginTestcase.quit(LoginTestcase.java:29)
at com.testcases.LoginTestcase.quit(LoginTestcase.java:29)
at com.testcases.LoginTestcase.quit(LoginTestcase.java:29)
at com.testcases.LoginTestcase.quit(LoginTestcase.java:29)
at com.testcases.LoginTestcase.quit(LoginTestcase.java:29)
at com.testcases.LoginTestcase.quit(LoginTestcase.java:29)
at com.testcases.LoginTestcase.quit(LoginTestcase.java:29)
at com.testcases.LoginTestcase.quit(LoginTestcase.java:29)
at com.testcases.LoginTestcase.quit(LoginTestcase.java:29)
at com.testcases.LoginTestcase.quit(LoginTestcase.java:29)
at com.testcases.LoginTestcase.quit(LoginTestcase.java:29)
at com.testcases.LoginTestcase.quit(LoginTestcase.java:29)
at com.testcases.LoginTestcase.quit(LoginTestcase.java:29)
at com.testcases.LoginTestcase.quit(LoginTestcase.java:29)
at com.testcases.LoginTestcase.quit(LoginTestcase.java:29)
at com.testcases.LoginTestcase.quit(LoginTestcase.java:29)
at com.testcases.LoginTestcase.quit(LoginTestcase.java:29)
at com.testcases.LoginTestcase.quit(LoginTestcase.java:29)
at com.testcases.LoginTestcase.quit(LoginTestcase.java:29)
at com.testcases.LoginTestcase.quit(LoginTestcase.java:29)
at com.testcases.LoginTestcase.quit(LoginTestcase.java:29)
at com.testcases.LoginTestcase.quit(LoginTestcase.java:29)
at com.testcases.LoginTestcase.quit(LoginTestcase.java:29)
at com.testcases.LoginTestcase.quit(LoginTestcase.java:29)
at com.testcases.LoginTestcase.quit(LoginTestcase.java:29)
at com.testcases.LoginTestcase.quit(LoginTestcase.java:29)
at com.testcases.LoginTestcase.quit(LoginTestcase.java:29)
at com.testcases.LoginTestcase.quit(LoginTestcase.java:29)
at com.testcases.LoginTestcase.quit(LoginTestcase.java:29)
at com.testcases.LoginTestcase.quit(LoginTestcase.java:29)
at com.testcases.LoginTestcase.quit(LoginTestcase.java:29)
at com.testcases.LoginTestcase.quit(LoginTestcase.java:29)
at com.testcases.LoginTestcase.quit(LoginTestcase.java:29)
at com.testcases.LoginTestcase.quit(LoginTestcase.java:29)
at com.testcases.LoginTestcase.quit(LoginTestcase.java:29)
at com.testcases.LoginTestcase.quit(LoginTestcase.java:29)
at com.testcases.LoginTestcase.quit(LoginTestcase.java:29)
at com.testcases.LoginTestcase.quit(LoginTestcase.java:29)
at com.testcases.LoginTestcase.quit(LoginTestcase.java:29)
at com.testcases.LoginTestcase.quit(LoginTestcase.java:29)
at com.testcases.LoginTestcase.quit(LoginTestcase.java:29)
at com.testcases.LoginTestcase.quit(LoginTestcase.java:29)
at com.testcases.LoginTestcase.quit(LoginTestcase.java:29)
at com.testcases.LoginTestcase.quit(LoginTestcase.java:29)
at com.testcases.LoginTestcase.quit(LoginTestcase.java:29)
at com.testcases.LoginTestcase.quit(LoginTestcase.java:29)
at com.testcases.LoginTestcase.quit(LoginTestcase.java:29)
at com.testcases.LoginTestcase.quit(LoginTestcase.java:29)
at com.testcases.LoginTestcase.quit(LoginTestcase.java:29)
at com.testcases.LoginTestcase.quit(LoginTestcase.java:29)
at com.testcases.LoginTestcase.quit(LoginTestcase.java:29)
at com.testcases.LoginTestcase.quit(LoginTestcase.java:29)
at com.testcases.LoginTestcase.quit(LoginTestcase.java:29)
at com.testcases.LoginTestcase.quit(LoginTestcase.java:29)
at com.testcases.LoginTestcase.quit(LoginTestcase.java:29)
at com.testcases.LoginTestcase.quit(LoginTestcase.java:29)
at com.testcases.LoginTestcase.quit(LoginTestcase.java:29)
at com.testcases.LoginTestcase.quit(LoginTestcase.java:29)
at com.testcases.LoginTestcase.quit(LoginTestcase.java:29)
at com.testcases.LoginTestcase.quit(LoginTestcase.java:29)
at com.testcases.LoginTestcase.quit(LoginTestcase.java:29)
at com.testcases.LoginTestcase.quit(LoginTestcase.java:29)
at com.testcases.LoginTestcase.quit(LoginTestcase.java:29)
at com.testcases.LoginTestcase.quit(LoginTestcase.java:29)
at com.testcases.LoginTestcase.quit(LoginTestcase.java:29)
at com.testcases.LoginTestcase.quit(LoginTestcase.java:29)
at com.testcases.LoginTestcase.quit(LoginTestcase.java:29)
at com.testcases.LoginTestcase.quit(LoginTestcase.java:29)
at com.testcases.LoginTestcase.quit(LoginTestcase.java:29)
at com.testcases.LoginTestcase.quit(LoginTestcase.java:29)
at com.testcases.LoginTestcase.quit(LoginTestcase.java:29)
at com.testcases.LoginTestcase.quit(LoginTestcase.java:29)
at com.testcases.LoginTestcase.quit(LoginTestcase.java:29)
at com.testcases.LoginTestcase.quit(LoginTestcase.java:29)
at com.testcases.LoginTestcase.quit(LoginTestcase.java:29)
at com.testcases.LoginTestcase.quit(LoginTestcase.java:29)
at com.testcases.LoginTestcase.quit(LoginTestcase.java:29)
at com.testcases.LoginTestcase.quit(LoginTestcase.java:29)
at com.testcases.LoginTestcase.quit(LoginTestcase.java:29)
at com.testcases.LoginTestcase.quit(LoginTestcase.java:29)
at com.testcases.LoginTestcase.quit(LoginTestcase.java:29)
at com.testcases.LoginTestcase.quit(LoginTestcase.java:29)
at com.testcases.LoginTestcase.quit(LoginTestcase.java:29)
at com.testcases.LoginTestcase.quit(LoginTestcase.java:29)
at com.testcases.LoginTestcase.quit(LoginTestcase.java:29)
at com.testcases.LoginTestcase.quit(LoginTestcase.java:29)
at com.testcases.LoginTestcase.quit(LoginTestcase.java:29)
at com.testcases.LoginTestcase.quit(LoginTestcase.java:29)
at com.testcases.LoginTestcase.quit(LoginTestcase.java:29)
at com.testcases.LoginTestcase.quit(LoginTestcase.java:29)
at com.testcases.LoginTestcase.quit(LoginTestcase.java:29)
at com.testcases.LoginTestcase.quit(LoginTestcase.java:29)
at com.testcases.LoginTestcase.quit(LoginTestcase.java:29)
at com.testcases.LoginTestcase.quit(LoginTestcase.java:29)
at com.testcases.LoginTestcase.quit(LoginTestcase.java:29)
at com.testcases.LoginTestcase.quit(LoginTestcase.java:29)
at com.testcases.LoginTestcase.quit(LoginTestcase.java:29)
at com.testcases.LoginTestcase.quit(LoginTestcase.java:29)
at com.testcases.LoginTestcase.quit(LoginTestcase.java:29)
at com.testcases.LoginTestcase.quit(LoginTestcase.java:29)
at com.testcases.LoginTestcase.quit(LoginTestcase.java:29)
at com.testcases.LoginTestcase.quit(LoginTestcase.java:29)
at com.testcases.LoginTestcase.quit(LoginTestcase.java:29)
at com.testcases.LoginTestcase.quit(LoginTestcase.java:29)
at com.testcases.LoginTestcase.quit(LoginTestcase.java:29)
at com.testcases.LoginTestcase.quit(LoginTestcase.java:29)
at com.testcases.LoginTestcase.quit(LoginTestcase.java:29)
at com.testcases.LoginTestcase.quit(LoginTestcase.java:29)
at com.testcases.LoginTestcase.quit(LoginTestcase.java:29)
at com.testcases.LoginTestcase.quit(LoginTestcase.java:29)
at com.testcases.LoginTestcase.quit(LoginTestcase.java:29)
at com.testcases.LoginTestcase.quit(LoginTestcase.java:29)
at com.testcases.LoginTestcase.quit(LoginTestcase.java:29)
at com.testcases.LoginTestcase.quit(LoginTestcase.java:29)
at com.testcases.LoginTestcase.quit(LoginTestcase.java:29)
at com.testcases.LoginTestcase.quit(LoginTestcase.java:29)
at com.testcases.LoginTestcase.quit(LoginTestcase.java:29)
at com.testcases.LoginTestcase.quit(LoginTestcase.java:29)
at com.testcases.LoginTestcase.quit(LoginTestcase.java:29)
at com.testcases.LoginTestcase.quit(LoginTestcase.java:29)
at com.testcases.LoginTestcase.quit(LoginTestcase.java:29)
at com.testcases.LoginTestcase.quit(LoginTestcase.java:29)
at com.testcases.LoginTestcase.quit(LoginTestcase.java:29)
at com.testcases.LoginTestcase.quit(LoginTestcase.java:29)
at com.testcases.LoginTestcase.quit(LoginTestcase.java:29)
at com.testcases.LoginTestcase.quit(LoginTestcase.java:29)
at com.testcases.LoginTestcase.quit(LoginTestcase.java:29)
at com.testcases.LoginTestcase.quit(LoginTestcase.java:29)
at com.testcases.LoginTestcase.quit(LoginTestcase.java:29)
at com.testcases.LoginTestcase.quit(LoginTestcase.java:29)
at com.testcases.LoginTestcase.quit(LoginTestcase.java:29)
at com.testcases.LoginTestcase.quit(LoginTestcase.java:29)
at com.testcases.LoginTestcase.quit(LoginTestcase.java:29)
at com.testcases.LoginTestcase.quit(LoginTestcase.java:29)
at com.testcases.LoginTestcase.quit(LoginTestcase.java:29)
at com.testcases.LoginTestcase.quit(LoginTestcase.java:29)
at com.testcases.LoginTestcase.quit(LoginTestcase.java:29)
at com.testcases.LoginTestcase.quit(LoginTestcase.java:29)
at com.testcases.LoginTestcase.quit(LoginTestcase.java:29)
at com.testcases.LoginTestcase.quit(LoginTestcase.java:29)
at com.testcases.LoginTestcase.quit(LoginTestcase.java:29)
at com.testcases.LoginTestcase.quit(LoginTestcase.java:29)
at com.testcases.LoginTestcase.quit(LoginTestcase.java:29)
at com.testcases.LoginTestcase.quit(LoginTestcase.java:29)
at com.testcases.LoginTestcase.quit(LoginTestcase.java:29)
at com.testcases.LoginTestcase.quit(LoginTestcase.java:29)
at com.testcases.LoginTestcase.quit(LoginTestcase.java:29)
at com.testcases.LoginTestcase.quit(LoginTestcase.java:29)
at com.testcases.LoginTestcase.quit(LoginTestcase.java:29)
at com.testcases.LoginTestcase.quit(LoginTestcase.java:29)
at com.testcases.LoginTestcase.quit(LoginTestcase.java:29)
at com.testcases.LoginTestcase.quit(LoginTestcase.java:29)
at com.testcases.LoginTestcase.quit(LoginTestcase.java:29)
at com.testcases.LoginTestcase.quit(LoginTestcase.java:29)
at com.testcases.LoginTestcase.quit(LoginTestcase.java:29)
at com.testcases.LoginTestcase.quit(LoginTestcase.java:29)
at com.testcases.LoginTestcase.quit(LoginTestcase.java:29)
at com.testcases.LoginTestcase.quit(LoginTestcase.java:29)
at com.testcases.LoginTestcase.quit(LoginTestcase.java:29)
at com.testcases.LoginTestcase.quit(LoginTestcase.java:29)
at com.testcases.LoginTestcase.quit(LoginTestcase.java:29)
at com.testcases.LoginTestcase.quit(LoginTestcase.java:29)
at com.testcases.LoginTestcase.quit(LoginTestcase.java:29)
at com.testcases.LoginTestcase.quit(LoginTestcase.java:29)
at com.testcases.LoginTestcase.quit(LoginTestcase.java:29)
at com.testcases.LoginTestcase.quit(LoginTestcase.java:29)
at com.testcases.LoginTestcase.quit(LoginTestcase.java:29)
at com.testcases.LoginTestcase.quit(LoginTestcase.java:29)
at com.testcases.LoginTestcase.quit(LoginTestcase.java:29)
at com.testcases.LoginTestcase.quit(LoginTestcase.java:29)
at com.testcases.LoginTestcase.quit(LoginTestcase.java:29)
at com.testcases.LoginTestcase.quit(LoginTestcase.java:29)
at com.testcases.LoginTestcase.quit(LoginTestcase.java:29)
at com.testcases.LoginTestcase.quit(LoginTestcase.java:29)
at com.testcases.LoginTestcase.quit(LoginTestcase.java:29)
at com.testcases.LoginTestcase.quit(LoginTestcase.java:29)
at com.testcases.LoginTestcase.quit(LoginTestcase.java:29)
at com.testcases.LoginTestcase.quit(LoginTestcase.java:29)
at com.testcases.LoginTestcase.quit(LoginTestcase.java:29)
at com.testcases.LoginTestcase.quit(LoginTestcase.java:29)
at com.testcases.LoginTestcase.quit(LoginTestcase.java:29)
at com.testcases.LoginTestcase.quit(LoginTestcase.java:29)
at com.testcases.LoginTestcase.quit(LoginTestcase.java:29)
at com.testcases.LoginTestcase.quit(LoginTestcase.java:29)
at com.testcases.LoginTestcase.quit(LoginTestcase.java:29)
at com.testcases.LoginTestcase.quit(LoginTestcase.java:29)
at com.testcases.LoginTestcase.quit(LoginTestcase.java:29)
at com.testcases.LoginTestcase.quit(LoginTestcase.java:29)
at com.testcases.LoginTestcase.quit(LoginTestcase.java:29)
at com.testcases.LoginTestcase.quit(LoginTestcase.java:29)
at com.testcases.LoginTestcase.quit(LoginTestcase.java:29)
at com.testcases.LoginTestcase.quit(LoginTestcase.java:29)
at com.testcases.LoginTestcase.quit(LoginTestcase.java:29)
at com.testcases.LoginTestcase.quit(LoginTestcase.java:29)
at com.testcases.LoginTestcase.quit(LoginTestcase.java:29)
at com.testcases.LoginTestcase.quit(LoginTestcase.java:29)
at com.testcases.LoginTestcase.quit(LoginTestcase.java:29)
at com.testcases.LoginTestcase.quit(LoginTestcase.java:29)
at com.testcases.LoginTestcase.quit(LoginTestcase.java:29)
at com.testcases.LoginTestcase.quit(LoginTestcase.java:29)
at com.testcases.LoginTestcase.quit(LoginTestcase.java:29)
at com.testcases.LoginTestcase.quit(LoginTestcase.java:29)
at com.testcases.LoginTestcase.quit(LoginTestcase.java:29)
at com.testcases.LoginTestcase.quit(LoginTestcase.java:29)
at com.testcases.LoginTestcase.quit(LoginTestcase.java:29)
at com.testcases.LoginTestcase.quit(LoginTestcase.java:29)
at com.testcases.LoginTestcase.quit(LoginTestcase.java:29)
at com.testcases.LoginTestcase.quit(LoginTestcase.java:29)
at com.testcases.LoginTestcase.quit(LoginTestcase.java:29)
at com.testcases.LoginTestcase.quit(LoginTestcase.java:29)
at com.testcases.LoginTestcase.quit(LoginTestcase.java:29)
at com.testcases.LoginTestcase.quit(LoginTestcase.java:29)
at com.testcases.LoginTestcase.quit(LoginTestcase.java:29)
at com.testcases.LoginTestcase.quit(LoginTestcase.java:29)
at com.testcases.LoginTestcase.quit(LoginTestcase.java:29)
at com.testcases.LoginTestcase.quit(LoginTestcase.java:29)
at com.testcases.LoginTestcase.quit(LoginTestcase.java:29)
at com.testcases.LoginTestcase.quit(LoginTestcase.java:29)
at com.testcases.LoginTestcase.quit(LoginTestcase.java:29)
at com.testcases.LoginTestcase.quit(LoginTestcase.java:29)
at com.testcases.LoginTestcase.quit(LoginTestcase.java:29)
at com.testcases.LoginTestcase.quit(LoginTestcase.java:29)
at com.testcases.LoginTestcase.quit(LoginTestcase.java:29)
at com.testcases.LoginTestcase.quit(LoginTestcase.java:29)
at com.testcases.LoginTestcase.quit(LoginTestcase.java:29)
at com.testcases.LoginTestcase.quit(LoginTestcase.java:29)
at com.testcases.LoginTestcase.quit(LoginTestcase.java:29)
at com.testcases.LoginTestcase.quit(LoginTestcase.java:29)
at com.testcases.LoginTestcase.quit(LoginTestcase.java:29)
at com.testcases.LoginTestcase.quit(LoginTestcase.java:29)
at com.testcases.LoginTestcase.quit(LoginTestcase.java:29)
at com.testcases.LoginTestcase.quit(LoginTestcase.java:29)
at com.testcases.LoginTestcase.quit(LoginTestcase.java:29)
at com.testcases.LoginTestcase.quit(LoginTestcase.java:29)
at com.testcases.LoginTestcase.quit(LoginTestcase.java:29)
at com.testcases.LoginTestcase.quit(LoginTestcase.java:29)
at com.testcases.LoginTestcase.quit(LoginTestcase.java:29)
at com.testcases.LoginTestcase.quit(LoginTestcase.java:29)
at com.testcases.LoginTestcase.quit(LoginTestcase.java:29)
at com.testcases.LoginTestcase.quit(LoginTestcase.java:29)
at com.testcases.LoginTestcase.quit(LoginTestcase.java:29)
at com.testcases.LoginTestcase.quit(LoginTestcase.java:29)
at com.testcases.LoginTestcase.quit(LoginTestcase.java:29)
at com.testcases.LoginTestcase.quit(LoginTestcase.java:29)
at com.testcases.LoginTestcase.quit(LoginTestcase.java:29)
at com.testcases.LoginTestcase.quit(LoginTestcase.java:29)
at com.testcases.LoginTestcase.quit(LoginTestcase.java:29)
at com.testcases.LoginTestcase.quit(LoginTestcase.java:29)
at com.testcases.LoginTestcase.quit(LoginTestcase.java:29)
at com.testcases.LoginTestcase.quit(LoginTestcase.java:29)
at com.testcases.LoginTestcase.quit(LoginTestcase.java:29)
at com.testcases.LoginTestcase.quit(LoginTestcase.java:29)
at com.testcases.LoginTestcase.quit(LoginTestcase.java:29)
at com.testcases.LoginTestcase.quit(LoginTestcase.java:29)
at com.testcases.LoginTestcase.quit(LoginTestcase.java:29)
at com.testcases.LoginTestcase.quit(LoginTestcase.java:29)
at com.testcases.LoginTestcase.quit(LoginTestcase.java:29)
at com.testcases.LoginTestcase.quit(LoginTestcase.java:29)
at com.testcases.LoginTestcase.quit(LoginTestcase.java:29)
at com.testcases.LoginTestcase.quit(LoginTestcase.java:29)
at com.testcases.LoginTestcase.quit(LoginTestcase.java:29)
at com.testcases.LoginTestcase.quit(LoginTestcase.java:29)
at com.testcases.LoginTestcase.quit(LoginTestcase.java:29)
at com.testcases.LoginTestcase.quit(LoginTestcase.java:29)
at com.testcases.LoginTestcase.quit(LoginTestcase.java:29)
at com.testcases.LoginTestcase.quit(LoginTestcase.java:29)
at com.testcases.LoginTestcase.quit(LoginTestcase.java:29)
at com.testcases.LoginTestcase.quit(LoginTestcase.java:29)
at com.testcases.LoginTestcase.quit(LoginTestcase.java:29)
at com.testcases.LoginTestcase.quit(LoginTestcase.java:29)
at com.testcases.LoginTestcase.quit(LoginTestcase.java:29)
at com.testcases.LoginTestcase.quit(LoginTestcase.java:29)
at com.testcases.LoginTestcase.quit(LoginTestcase.java:29)
at com.testcases.LoginTestcase.quit(LoginTestcase.java:29)
at com.testcases.LoginTestcase.quit(LoginTestcase.java:29)
at com.testcases.LoginTestcase.quit(LoginTestcase.java:29)
at com.testcases.LoginTestcase.quit(LoginTestcase.java:29)
at com.testcases.LoginTestcase.quit(LoginTestcase.java:29)
at com.testcases.LoginTestcase.quit(LoginTestcase.java:29)
at com.testcases.LoginTestcase.quit(LoginTestcase.java:29)
at com.testcases.LoginTestcase.quit(LoginTestcase.java:29)
at com.testcases.LoginTestcase.quit(LoginTestcase.java:29)
at com.testcases.LoginTestcase.quit(LoginTestcase.java:29)
at com.testcases.LoginTestcase.quit(LoginTestcase.java:29)
at com.testcases.LoginTestcase.quit(LoginTestcase.java:29)
at com.testcases.LoginTestcase.quit(LoginTestcase.java:29)
at com.testcases.LoginTestcase.quit(LoginTestcase.java:29)
at com.testcases.LoginTestcase.quit(LoginTestcase.java:29)
at com.testcases.LoginTestcase.quit(LoginTestcase.java:29)
at com.testcases.LoginTestcase.quit(LoginTestcase.java:29)
at com.testcases.LoginTestcase.quit(LoginTestcase.java:29)
at com.testcases.LoginTestcase.quit(LoginTestcase.java:29)
at com.testcases.LoginTestcase.quit(LoginTestcase.java:29)
at com.testcases.LoginTestcase.quit(LoginTestcase.java:29)
at com.testcases.LoginTestcase.quit(LoginTestcase.java:29)
at com.testcases.LoginTestcase.quit(LoginTestcase.java:29)
at com.testcases.LoginTestcase.quit(LoginTestcase.java:29)
at com.testcases.LoginTestcase.quit(LoginTestcase.java:29)
at com.testcases.LoginTestcase.quit(LoginTestcase.java:29)
at com.testcases.LoginTestcase.quit(LoginTestcase.java:29)
at com.testcases.LoginTestcase.quit(LoginTestcase.java:29)
at com.testcases.LoginTestcase.quit(LoginTestcase.java:29)
at com.testcases.LoginTestcase.quit(LoginTestcase.java:29)
at com.testcases.LoginTestcase.quit(LoginTestcase.java:29)
at com.testcases.LoginTestcase.quit(LoginTestcase.java:29)
at com.testcases.LoginTestcase.quit(LoginTestcase.java:29)
at com.testcases.LoginTestcase.quit(LoginTestcase.java:29)
at com.testcases.LoginTestcase.quit(LoginTestcase.java:29)
at com.testcases.LoginTestcase.quit(LoginTestcase.java:29)
at com.testcases.LoginTestcase.quit(LoginTestcase.java:29)
at com.testcases.LoginTestcase.quit(LoginTestcase.java:29)
at com.testcases.LoginTestcase.quit(LoginTestcase.java:29)
at com.testcases.LoginTestcase.quit(LoginTestcase.java:29)
at com.testcases.LoginTestcase.quit(LoginTestcase.java:29)
at com.testcases.LoginTestcase.quit(LoginTestcase.java:29)
at com.testcases.LoginTestcase.quit(LoginTestcase.java:29)
at com.testcases.LoginTestcase.quit(LoginTestcase.java:29)
at com.testcases.LoginTestcase.quit(LoginTestcase.java:29)
at com.testcases.LoginTestcase.quit(LoginTestcase.java:29)
at com.testcases.LoginTestcase.quit(LoginTestcase.java:29)
at com.testcases.LoginTestcase.quit(LoginTestcase.java:29)
at com.testcases.LoginTestcase.quit(LoginTestcase.java:29)
at com.testcases.LoginTestcase.quit(LoginTestcase.java:29)
at com.testcases.LoginTestcase.quit(LoginTestcase.java:29)
at com.testcases.LoginTestcase.quit(LoginTestcase.java:29)
at com.testcases.LoginTestcase.quit(LoginTestcase.java:29)
at com.testcases.LoginTestcase.quit(LoginTestcase.java:29)
at com.testcases.LoginTestcase.quit(LoginTestcase.java:29)
at com.testcases.LoginTestcase.quit(LoginTestcase.java:29)
at com.testcases.LoginTestcase.quit(LoginTestcase.java:29)
at com.testcases.LoginTestcase.quit(LoginTestcase.java:29)
at com.testcases.LoginTestcase.quit(LoginTestcase.java:29)
at com.testcases.LoginTestcase.quit(LoginTestcase.java:29)
at com.testcases.LoginTestcase.quit(LoginTestcase.java:29)
at com.testcases.LoginTestcase.quit(LoginTestcase.java:29)
at com.testcases.LoginTestcase.quit(LoginTestcase.java:29)
at com.testcases.LoginTestcase.quit(LoginTestcase.java:29)
at com.testcases.LoginTestcase.quit(LoginTestcase.java:29)
at com.testcases.LoginTestcase.quit(LoginTestcase.java:29)
at com.testcases.LoginTestcase.quit(LoginTestcase.java:29)
at com.testcases.LoginTestcase.quit(LoginTestcase.java:29)
at com.testcases.LoginTestcase.quit(LoginTestcase.java:29)
at com.testcases.LoginTestcase.quit(LoginTestcase.java:29)
at com.testcases.LoginTestcase.quit(LoginTestcase.java:29)
at com.testcases.LoginTestcase.quit(LoginTestcase.java:29)
at com.testcases.LoginTestcase.quit(LoginTestcase.java:29)
at com.testcases.LoginTestcase.quit(LoginTestcase.java:29)
at com.testcases.LoginTestcase.quit(LoginTestcase.java:29)
at com.testcases.LoginTestcase.quit(LoginTestcase.java:29)
at com.testcases.LoginTestcase.quit(LoginTestcase.java:29)
at com.testcases.LoginTestcase.quit(LoginTestcase.java:29)
at com.testcases.LoginTestcase.quit(LoginTestcase.java:29)
at com.testcases.LoginTestcase.quit(LoginTestcase.java:29)
at com.testcases.LoginTestcase.quit(LoginTestcase.java:29)
at com.testcases.LoginTestcase.quit(LoginTestcase.java:29)
at com.testcases.LoginTestcase.quit(LoginTestcase.java:29)
at com.testcases.LoginTestcase.quit(LoginTestcase.java:29)
at com.testcases.LoginTestcase.quit(LoginTestcase.java:29)
at com.testcases.LoginTestcase.quit(LoginTestcase.java:29)
at com.testcases.LoginTestcase.quit(LoginTestcase.java:29)
at com.testcases.LoginTestcase.quit(LoginTestcase.java:29)
at com.testcases.LoginTestcase.quit(LoginTestcase.java:29)
at com.testcases.LoginTestcase.quit(LoginTestcase.java:29)
at com.testcases.LoginTestcase.quit(LoginTestcase.java:29)
at com.testcases.LoginTestcase.quit(LoginTestcase.java:29)
at com.testcases.LoginTestcase.quit(LoginTestcase.java:29)
at com.testcases.LoginTestcase.quit(LoginTestcase.java:29)
at com.testcases.LoginTestcase.quit(LoginTestcase.java:29)
at com.testcases.LoginTestcase.quit(LoginTestcase.java:29)
at com.testcases.LoginTestcase.quit(LoginTestcase.java:29)
at com.testcases.LoginTestcase.quit(LoginTestcase.java:29)
at com.testcases.LoginTestcase.quit(LoginTestcase.java:29)
at com.testcases.LoginTestcase.quit(LoginTestcase.java:29)
at com.testcases.LoginTestcase.quit(LoginTestcase.java:29)
at com.testcases.LoginTestcase.quit(LoginTestcase.java:29)
at com.testcases.LoginTestcase.quit(LoginTestcase.java:29)
at com.testcases.LoginTestcase.quit(LoginTestcase.java:29)
at com.testcases.LoginTestcase.quit(LoginTestcase.java:29)
at com.testcases.LoginTestcase.quit(LoginTestcase.java:29)
at com.testcases.LoginTestcase.quit(LoginTestcase.java:29)
at com.testcases.LoginTestcase.quit(LoginTestcase.java:29)
at com.testcases.LoginTestcase.quit(LoginTestcase.java:29)
at com.testcases.LoginTestcase.quit(LoginTestcase.java:29)
at com.testcases.LoginTestcase.quit(LoginTestcase.java:29)
at com.testcases.LoginTestcase.quit(LoginTestcase.java:29)
at com.testcases.LoginTestcase.quit(LoginTestcase.java:29)
at com.testcases.LoginTestcase.quit(LoginTestcase.java:29)
at com.testcases.LoginTestcase.quit(LoginTestcase.java:29)
at com.testcases.LoginTestcase.quit(LoginTestcase.java:29)
at com.testcases.LoginTestcase.quit(LoginTestcase.java:29)
at com.testcases.LoginTestcase.quit(LoginTestcase.java:29)
at com.testcases.LoginTestcase.quit(LoginTestcase.java:29)
at com.testcases.LoginTestcase.quit(LoginTestcase.java:29)
at com.testcases.LoginTestcase.quit(LoginTestcase.java:29)
at com.testcases.LoginTestcase.quit(LoginTestcase.java:29)
at com.testcases.LoginTestcase.quit(LoginTestcase.java:29)
at com.testcases.LoginTestcase.quit(LoginTestcase.java:29)
at com.testcases.LoginTestcase.quit(LoginTestcase.java:29)
at com.testcases.LoginTestcase.quit(LoginTestcase.java:29)
at com.testcases.LoginTestcase.quit(LoginTestcase.java:29)
at com.testcases.LoginTestcase.quit(LoginTestcase.java:29)
at com.testcases.LoginTestcase.quit(LoginTestcase.java:29)
at com.testcases.LoginTestcase.quit(LoginTestcase.java:29)
at com.testcases.LoginTestcase.quit(LoginTestcase.java:29)
at com.testcases.LoginTestcase.quit(LoginTestcase.java:29)
at com.testcases.LoginTestcase.quit(LoginTestcase.java:29)
at com.testcases.LoginTestcase.quit(LoginTestcase.java:29)
at com.testcases.LoginTestcase.quit(LoginTestcase.java:29)
at com.testcases.LoginTestcase.quit(LoginTestcase.java:29)
at com.testcases.LoginTestcase.quit(LoginTestcase.java:29)
at com.testcases.LoginTestcase.quit(LoginTestcase.java:29)
at com.testcases.LoginTestcase.quit(LoginTestcase.java:29)
at com.testcases.LoginTestcase.quit(LoginTestcase.java:29)
at com.testcases.LoginTestcase.quit(LoginTestcase.java:29)
at com.testcases.LoginTestcase.quit(LoginTestcase.java:29)
at com.testcases.LoginTestcase.quit(LoginTestcase.java:29)
at com.testcases.LoginTestcase.quit(LoginTestcase.java:29)
at com.testcases.LoginTestcase.quit(LoginTestcase.java:29)
at com.testcases.LoginTestcase.quit(LoginTestcase.java:29)
at com.testcases.LoginTestcase.quit(LoginTestcase.java:29)
at com.testcases.LoginTestcase.quit(LoginTestcase.java:29)
at com.testcases.LoginTestcase.quit(LoginTestcase.java:29)
at com.testcases.LoginTestcase.quit(LoginTestcase.java:29)
at com.testcases.LoginTestcase.quit(LoginTestcase.java:29)
at com.testcases.LoginTestcase.quit(LoginTestcase.java:29)
at com.testcases.LoginTestcase.quit(LoginTestcase.java:29)
at com.testcases.LoginTestcase.quit(LoginTestcase.java:29)
at com.testcases.LoginTestcase.quit(LoginTestcase.java:29)
at com.testcases.LoginTestcase.quit(LoginTestcase.java:29)
at com.testcases.LoginTestcase.quit(LoginTestcase.java:29)
at com.testcases.LoginTestcase.quit(LoginTestcase.java:29)
at com.testcases.LoginTestcase.quit(LoginTestcase.java:29)
at com.testcases.LoginTestcase.quit(LoginTestcase.java:29)
at com.testcases.LoginTestcase.quit(LoginTestcase.java:29)
at com.testcases.LoginTestcase.quit(LoginTestcase.java:29)
at com.testcases.LoginTestcase.quit(LoginTestcase.java:29)
at com.testcases.LoginTestcase.quit(LoginTestcase.java:29)
at com.testcases.LoginTestcase.quit(LoginTestcase.java:29)
at com.testcases.LoginTestcase.quit(LoginTestcase.java:29)
]]>
            </full-stacktrace>
          </exception> <!-- java.lang.StackOverflowError -->
          <reporter-output>
          </reporter-output>
        </test-method> <!-- quit -->
      </class> <!-- com.testcases.LoginTestcase -->
    </test> <!-- Test -->
  </suite> <!-- Suite -->
</testng-results>
